d:\2018\ecm_remote\ecm_remote\181102_multicast_ui\ecm_remote\debug\ecm_remote.pch
d:\2018\ecm_remote\ecm_remote\181102_multicast_ui\ecm_remote\debug\vc120.pdb
d:\2018\ecm_remote\ecm_remote\181102_multicast_ui\ecm_remote\debug\vc120.idb
d:\2018\ecm_remote\ecm_remote\181102_multicast_ui\ecm_remote\debug\stdafx.obj
d:\2018\ecm_remote\ecm_remote\181102_multicast_ui\ecm_remote\debug\btnst.obj
d:\2018\ecm_remote\ecm_remote\181102_multicast_ui\ecm_remote\debug\define.obj
d:\2018\ecm_remote\ecm_remote\181102_multicast_ui\ecm_remote\debug\ecmsearchdlg.obj
d:\2018\ecm_remote\ecm_remote\181102_multicast_ui\ecm_remote\debug\ecm_remote.obj
d:\2018\ecm_remote\ecm_remote\181102_multicast_ui\ecm_remote\debug\ecm_remotedlg.obj
d:\2018\ecm_remote\ecm_remote\181102_multicast_ui\ecm_remote\debug\serverdlg.obj
d:\2018\ecm_remote\ecm_remote\181102_multicast_ui\ecm_remote\debug\settingdlg.obj
d:\2018\ecm_remote\ecm_remote\181102_multicast_ui\ecm_remote\debug\shadebuttonst.obj
d:\2018\ecm_remote\ecm_remote\181102_multicast_ui\ecm_remote\debug\xdib.obj
d:\2018\ecm_remote\ecm_remote\181102_multicast_ui\debug\ecm_remote.ilk
d:\2018\ecm_remote\ecm_remote\181102_multicast_ui\debug\ecm_remote.exe
d:\2018\ecm_remote\ecm_remote\181102_multicast_ui\debug\ecm_remote.pdb
d:\2018\ecm_remote\ecm_remote\181102_multicast_ui\ecm_remote\debug\ecm_remote.res
e:\ecm_remote\ecm_remote\190315\ecm_remote\debug\btnst.obj
e:\ecm_remote\ecm_remote\190315\ecm_remote\debug\define.obj
e:\ecm_remote\ecm_remote\190315\ecm_remote\debug\ecmsearchdlg.obj
e:\ecm_remote\ecm_remote\190315\ecm_remote\debug\ecm_remote.obj
e:\ecm_remote\ecm_remote\190315\ecm_remote\debug\ecm_remotedlg.obj
e:\ecm_remote\ecm_remote\190315\ecm_remote\debug\serverdlg.obj
e:\ecm_remote\ecm_remote\190315\ecm_remote\debug\settingdlg.obj
e:\ecm_remote\ecm_remote\190315\ecm_remote\debug\shadebuttonst.obj
e:\ecm_remote\ecm_remote\190315\ecm_remote\debug\stdafx.obj
e:\ecm_remote\ecm_remote\190315\ecm_remote\debug\xdib.obj
e:\ecm_remote\ecm_remote\190315\ecm_remote\debug\ecm_remote.res
e:\ecm_remote\ecm_remote\190315\ecm_remote\debug\ecm_remote.pch
e:\ecm_remote\ecm_remote\190315\ecm_remote\debug\vc120.idb
e:\ecm_remote\ecm_remote\190315\ecm_remote\debug\vc120.pdb
e:\ecm_remote\ecm_remote\190315\debug\ecm_remote.pdb
e:\ecm_remote\ecm_remote\190315\debug\ecm_remote.exe
e:\ecm_remote\ecm_remote\190315\debug\ecm_remote.ilk
e:\ecm_remote\ecm_remote\190315\ecm_remote\debug\ecm_remote.tlog\cl.command.1.tlog
e:\ecm_remote\ecm_remote\190315\ecm_remote\debug\ecm_remote.tlog\cl.read.1.tlog
e:\ecm_remote\ecm_remote\190315\ecm_remote\debug\ecm_remote.tlog\cl.write.1.tlog
e:\ecm_remote\ecm_remote\190315\ecm_remote\debug\ecm_remote.tlog\link.command.1.tlog
e:\ecm_remote\ecm_remote\190315\ecm_remote\debug\ecm_remote.tlog\link.read.1.tlog
e:\ecm_remote\ecm_remote\190315\ecm_remote\debug\ecm_remote.tlog\link.write.1.tlog
e:\ecm_remote\ecm_remote\190315\ecm_remote\debug\ecm_remote.tlog\rc.command.1.tlog
e:\ecm_remote\ecm_remote\190315\ecm_remote\debug\ecm_remote.tlog\rc.read.1.tlog
e:\ecm_remote\ecm_remote\190315\ecm_remote\debug\ecm_remote.tlog\rc.write.1.tlog
