d:\2018\ecm_remote\ecm_client\jtagprintcpu1\180823\jtagprintcpu1\release\jtagprintcpu1.pch
d:\2018\ecm_remote\ecm_client\jtagprintcpu1\180823\jtagprintcpu1\release\vc120.pdb
d:\2018\ecm_remote\ecm_client\jtagprintcpu1\180823\jtagprintcpu1\release\stdafx.obj
d:\2018\ecm_remote\ecm_client\jtagprintcpu1\180823\jtagprintcpu1\release\xdib.obj
d:\2018\ecm_remote\ecm_client\jtagprintcpu1\180823\jtagprintcpu1\release\shadebuttonst.obj
d:\2018\ecm_remote\ecm_client\jtagprintcpu1\180823\jtagprintcpu1\release\jtagprintcpu1dlg.obj
d:\2018\ecm_remote\ecm_client\jtagprintcpu1\180823\jtagprintcpu1\release\jtagprintcpu1.obj
d:\2018\ecm_remote\ecm_client\jtagprintcpu1\180823\jtagprintcpu1\release\jtagprintcmdlogdlg.obj
d:\2018\ecm_remote\ecm_client\jtagprintcpu1\180823\jtagprintcpu1\release\define.obj
d:\2018\ecm_remote\ecm_client\jtagprintcpu1\180823\jtagprintcpu1\release\btnst.obj
d:\2018\ecm_remote\ecm_client\jtagprintcpu1\181115\jtagprintcpu1\release\jtagprintcpu1.pch
d:\2018\ecm_remote\ecm_client\jtagprintcpu1\181115\jtagprintcpu1\release\vc120.pdb
d:\2018\ecm_remote\ecm_client\jtagprintcpu1\181115\jtagprintcpu1\release\stdafx.obj
d:\2018\ecm_remote\ecm_client\jtagprintcpu1\181115\jtagprintcpu1\release\xdib.obj
d:\2018\ecm_remote\ecm_client\jtagprintcpu1\181115\jtagprintcpu1\release\shadebuttonst.obj
d:\2018\ecm_remote\ecm_client\jtagprintcpu1\181115\jtagprintcpu1\release\jtagprintcpu1dlg.obj
d:\2018\ecm_remote\ecm_client\jtagprintcpu1\181115\jtagprintcpu1\release\jtagprintcpu1.obj
d:\2018\ecm_remote\ecm_client\jtagprintcpu1\181115\jtagprintcpu1\release\jtagprintcmdlogdlg.obj
d:\2018\ecm_remote\ecm_client\jtagprintcpu1\181115\jtagprintcpu1\release\define.obj
d:\2018\ecm_remote\ecm_client\jtagprintcpu1\181115\jtagprintcpu1\release\btnst.obj
d:\2018\ecm_remote\ecm_client\jtagprintcpu1\180823\release\jtagprintcpu1.exe
d:\2018\ecm_remote\ecm_client\jtagprintcpu1\180823\release\jtagprintcpu1.pdb
d:\2018\ecm_remote\ecm_client\jtagprintcpu1\181115\release\jtagprintcpu1.exe
d:\2018\ecm_remote\ecm_client\jtagprintcpu1\181115\release\jtagprintcpu1.pdb
d:\2018\ecm_remote\ecm_client\jtagprintcpu1\180823\jtagprintcpu1\release\jtagprintcpu1.res
d:\2018\ecm_remote\ecm_client\jtagprintcpu1\181115\jtagprintcpu1\release\jtagprintcpu1.res
e:\ecm_remote\ecm_client\jtagprintcpu1\181115\jtagprintcpu1\release\btnst.obj
e:\ecm_remote\ecm_client\jtagprintcpu1\181115\jtagprintcpu1\release\define.obj
e:\ecm_remote\ecm_client\jtagprintcpu1\181115\jtagprintcpu1\release\jtagprintcmdlogdlg.obj
e:\ecm_remote\ecm_client\jtagprintcpu1\181115\jtagprintcpu1\release\jtagprintcpu1.obj
e:\ecm_remote\ecm_client\jtagprintcpu1\181115\jtagprintcpu1\release\jtagprintcpu1dlg.obj
e:\ecm_remote\ecm_client\jtagprintcpu1\181115\jtagprintcpu1\release\shadebuttonst.obj
e:\ecm_remote\ecm_client\jtagprintcpu1\181115\jtagprintcpu1\release\stdafx.obj
e:\ecm_remote\ecm_client\jtagprintcpu1\181115\jtagprintcpu1\release\xdib.obj
e:\ecm_remote\ecm_client\jtagprintcpu1\181115\jtagprintcpu1\release\jtagprintcpu1.res
e:\ecm_remote\ecm_client\jtagprintcpu1\181115\jtagprintcpu1\release\jtagprintcpu1.pch
e:\ecm_remote\ecm_client\jtagprintcpu1\181115\jtagprintcpu1\release\vc120.pdb
e:\ecm_remote\ecm_client\jtagprintcpu1\181115\release\jtagprintcpu1.pdb
e:\ecm_remote\ecm_client\jtagprintcpu1\181115\release\jtagprintcpu1.exe
e:\ecm_remote\ecm_client\jtagprintcpu1\181115\jtagprintcpu1\release\jtagprintcpu1.tlog\cl.command.1.tlog
e:\ecm_remote\ecm_client\jtagprintcpu1\181115\jtagprintcpu1\release\jtagprintcpu1.tlog\cl.read.1.tlog
e:\ecm_remote\ecm_client\jtagprintcpu1\181115\jtagprintcpu1\release\jtagprintcpu1.tlog\cl.write.1.tlog
e:\ecm_remote\ecm_client\jtagprintcpu1\181115\jtagprintcpu1\release\jtagprintcpu1.tlog\link.command.1.tlog
e:\ecm_remote\ecm_client\jtagprintcpu1\181115\jtagprintcpu1\release\jtagprintcpu1.tlog\link.read.1.tlog
e:\ecm_remote\ecm_client\jtagprintcpu1\181115\jtagprintcpu1\release\jtagprintcpu1.tlog\link.write.1.tlog
e:\ecm_remote\ecm_client\jtagprintcpu1\181115\jtagprintcpu1\release\jtagprintcpu1.tlog\rc.command.1.tlog
e:\ecm_remote\ecm_client\jtagprintcpu1\181115\jtagprintcpu1\release\jtagprintcpu1.tlog\rc.read.1.tlog
e:\ecm_remote\ecm_client\jtagprintcpu1\181115\jtagprintcpu1\release\jtagprintcpu1.tlog\rc.write.1.tlog
