d:\2018\ecm_모듈화\ecm_모듈\key\180711\key\debug\vc120.pdb
d:\2018\ecm_모듈화\ecm_모듈\key\180725\key\debug\vc120.pdb
d:\2018\ecm_모듈화\ecm_모듈\key\180803\key\debug\vc120.pdb
d:\2018\ecm_remote\ecm_client\key\180821\key\debug\key.pch
d:\2018\ecm_remote\ecm_client\key\180821\key\debug\vc120.pdb
d:\2018\ecm_remote\ecm_client\key\180821\key\debug\vc120.idb
d:\2018\ecm_remote\ecm_client\key\180821\key\debug\stdafx.obj
d:\2018\ecm_remote\ecm_client\key\180821\key\debug\btnst.obj
d:\2018\ecm_remote\ecm_client\key\180821\key\debug\define.obj
d:\2018\ecm_remote\ecm_client\key\180821\key\debug\key.obj
d:\2018\ecm_remote\ecm_client\key\180821\key\debug\keydlg.obj
d:\2018\ecm_remote\ecm_client\key\180821\key\debug\shadebuttonst.obj
d:\2018\ecm_remote\ecm_client\key\180821\key\debug\xdib.obj
d:\2018\ecm_remote\ecm_client\key\180911\key\debug\key.pch
d:\2018\ecm_remote\ecm_client\key\180911\key\debug\vc120.pdb
d:\2018\ecm_remote\ecm_client\key\180911\key\debug\vc120.idb
d:\2018\ecm_remote\ecm_client\key\180911\key\debug\stdafx.obj
d:\2018\ecm_remote\ecm_client\key\180911\key\debug\btnst.obj
d:\2018\ecm_remote\ecm_client\key\180911\key\debug\define.obj
d:\2018\ecm_remote\ecm_client\key\180911\key\debug\key.obj
d:\2018\ecm_remote\ecm_client\key\180911\key\debug\keydlg.obj
d:\2018\ecm_remote\ecm_client\key\180911\key\debug\shadebuttonst.obj
d:\2018\ecm_remote\ecm_client\key\180911\key\debug\xdib.obj
d:\2018\ecm_모듈화\ecm_모듈\key\180711\debug\key.ilk
d:\2018\ecm_모듈화\ecm_모듈\key\180711\debug\key.exe
d:\2018\ecm_모듈화\ecm_모듈\key\180711\debug\key.pdb
d:\2018\ecm_모듈화\ecm_모듈\key\180725\debug\key.ilk
d:\2018\ecm_모듈화\ecm_모듈\key\180725\debug\key.exe
d:\2018\ecm_모듈화\ecm_모듈\key\180725\debug\key.pdb
d:\2018\ecm_모듈화\ecm_모듈\key\180803\debug\key.ilk
d:\2018\ecm_모듈화\ecm_모듈\key\180803\debug\key.exe
d:\2018\ecm_모듈화\ecm_모듈\key\180803\debug\key.pdb
d:\2018\ecm_remote\ecm_client\key\180821\debug\key.ilk
d:\2018\ecm_remote\ecm_client\key\180821\debug\key.exe
d:\2018\ecm_remote\ecm_client\key\180821\debug\key.pdb
d:\2018\ecm_remote\ecm_client\key\180911\debug\key.ilk
d:\2018\ecm_remote\ecm_client\key\180911\debug\key.exe
d:\2018\ecm_remote\ecm_client\key\180911\debug\key.pdb
d:\2018\ecm_remote\ecm_client\key\180821\key\debug\key.res
d:\2018\ecm_remote\ecm_client\key\180911\key\debug\key.res
e:\ecm_remote\ecm_client\key\180911\key\debug\btnst.obj
e:\ecm_remote\ecm_client\key\180911\key\debug\define.obj
e:\ecm_remote\ecm_client\key\180911\key\debug\key.obj
e:\ecm_remote\ecm_client\key\180911\key\debug\keydlg.obj
e:\ecm_remote\ecm_client\key\180911\key\debug\shadebuttonst.obj
e:\ecm_remote\ecm_client\key\180911\key\debug\stdafx.obj
e:\ecm_remote\ecm_client\key\180911\key\debug\xdib.obj
e:\ecm_remote\ecm_client\key\180911\key\debug\key.res
e:\ecm_remote\ecm_client\key\180911\key\debug\key.pch
e:\ecm_remote\ecm_client\key\180911\key\debug\vc120.idb
e:\ecm_remote\ecm_client\key\180911\key\debug\vc120.pdb
e:\ecm_remote\ecm_client\key\180911\debug\key.pdb
e:\ecm_remote\ecm_client\key\180911\debug\key.exe
e:\ecm_remote\ecm_client\key\180911\debug\key.ilk
e:\ecm_remote\ecm_client\key\180911\key\debug\key.tlog\cl.command.1.tlog
e:\ecm_remote\ecm_client\key\180911\key\debug\key.tlog\cl.read.1.tlog
e:\ecm_remote\ecm_client\key\180911\key\debug\key.tlog\cl.write.1.tlog
e:\ecm_remote\ecm_client\key\180911\key\debug\key.tlog\link.command.1.tlog
e:\ecm_remote\ecm_client\key\180911\key\debug\key.tlog\link.read.1.tlog
e:\ecm_remote\ecm_client\key\180911\key\debug\key.tlog\link.write.1.tlog
e:\ecm_remote\ecm_client\key\180911\key\debug\key.tlog\rc.command.1.tlog
e:\ecm_remote\ecm_client\key\180911\key\debug\key.tlog\rc.read.1.tlog
e:\ecm_remote\ecm_client\key\180911\key\debug\key.tlog\rc.write.1.tlog
