d:\2018\ecm_remote\ecm_client\jtagprintcpu1\180823\jtagprintcpu1\debug\jtagprintcpu1.pch
d:\2018\ecm_remote\ecm_client\jtagprintcpu1\180823\jtagprintcpu1\debug\vc120.pdb
d:\2018\ecm_remote\ecm_client\jtagprintcpu1\180823\jtagprintcpu1\debug\vc120.idb
d:\2018\ecm_remote\ecm_client\jtagprintcpu1\180823\jtagprintcpu1\debug\stdafx.obj
d:\2018\ecm_remote\ecm_client\jtagprintcpu1\180823\jtagprintcpu1\debug\btnst.obj
d:\2018\ecm_remote\ecm_client\jtagprintcpu1\180823\jtagprintcpu1\debug\define.obj
d:\2018\ecm_remote\ecm_client\jtagprintcpu1\180823\jtagprintcpu1\debug\jtagprintcmdlogdlg.obj
d:\2018\ecm_remote\ecm_client\jtagprintcpu1\180823\jtagprintcpu1\debug\jtagprintcpu1.obj
d:\2018\ecm_remote\ecm_client\jtagprintcpu1\180823\jtagprintcpu1\debug\jtagprintcpu1dlg.obj
d:\2018\ecm_remote\ecm_client\jtagprintcpu1\180823\jtagprintcpu1\debug\shadebuttonst.obj
d:\2018\ecm_remote\ecm_client\jtagprintcpu1\180823\jtagprintcpu1\debug\xdib.obj
d:\2018\ecm_remote\ecm_client\jtagprintcpu1\181115\jtagprintcpu1\debug\jtagprintcpu1.pch
d:\2018\ecm_remote\ecm_client\jtagprintcpu1\181115\jtagprintcpu1\debug\vc120.pdb
d:\2018\ecm_remote\ecm_client\jtagprintcpu1\181115\jtagprintcpu1\debug\vc120.idb
d:\2018\ecm_remote\ecm_client\jtagprintcpu1\181115\jtagprintcpu1\debug\stdafx.obj
d:\2018\ecm_remote\ecm_client\jtagprintcpu1\181115\jtagprintcpu1\debug\btnst.obj
d:\2018\ecm_remote\ecm_client\jtagprintcpu1\181115\jtagprintcpu1\debug\define.obj
d:\2018\ecm_remote\ecm_client\jtagprintcpu1\181115\jtagprintcpu1\debug\jtagprintcmdlogdlg.obj
d:\2018\ecm_remote\ecm_client\jtagprintcpu1\181115\jtagprintcpu1\debug\jtagprintcpu1.obj
d:\2018\ecm_remote\ecm_client\jtagprintcpu1\181115\jtagprintcpu1\debug\jtagprintcpu1dlg.obj
d:\2018\ecm_remote\ecm_client\jtagprintcpu1\181115\jtagprintcpu1\debug\shadebuttonst.obj
d:\2018\ecm_remote\ecm_client\jtagprintcpu1\181115\jtagprintcpu1\debug\xdib.obj
d:\2018\ecm_remote\ecm_client\jtagprintcpu1\180823\debug\jtagprintcpu1.ilk
d:\2018\ecm_remote\ecm_client\jtagprintcpu1\180823\debug\jtagprintcpu1.exe
d:\2018\ecm_remote\ecm_client\jtagprintcpu1\180823\debug\jtagprintcpu1.pdb
d:\2018\ecm_remote\ecm_client\jtagprintcpu1\181115\debug\jtagprintcpu1.ilk
d:\2018\ecm_remote\ecm_client\jtagprintcpu1\181115\debug\jtagprintcpu1.exe
d:\2018\ecm_remote\ecm_client\jtagprintcpu1\181115\debug\jtagprintcpu1.pdb
d:\2018\ecm_remote\ecm_client\jtagprintcpu1\180823\jtagprintcpu1\debug\jtagprintcpu1.res
d:\2018\ecm_remote\ecm_client\jtagprintcpu1\181115\jtagprintcpu1\debug\jtagprintcpu1.res
e:\ecm_remote\ecm_client\jtagprintcpu1\181115\jtagprintcpu1\debug\btnst.obj
e:\ecm_remote\ecm_client\jtagprintcpu1\181115\jtagprintcpu1\debug\define.obj
e:\ecm_remote\ecm_client\jtagprintcpu1\181115\jtagprintcpu1\debug\jtagprintcmdlogdlg.obj
e:\ecm_remote\ecm_client\jtagprintcpu1\181115\jtagprintcpu1\debug\jtagprintcpu1.obj
e:\ecm_remote\ecm_client\jtagprintcpu1\181115\jtagprintcpu1\debug\jtagprintcpu1dlg.obj
e:\ecm_remote\ecm_client\jtagprintcpu1\181115\jtagprintcpu1\debug\shadebuttonst.obj
e:\ecm_remote\ecm_client\jtagprintcpu1\181115\jtagprintcpu1\debug\stdafx.obj
e:\ecm_remote\ecm_client\jtagprintcpu1\181115\jtagprintcpu1\debug\xdib.obj
e:\ecm_remote\ecm_client\jtagprintcpu1\181115\jtagprintcpu1\debug\jtagprintcpu1.res
e:\ecm_remote\ecm_client\jtagprintcpu1\181115\jtagprintcpu1\debug\jtagprintcpu1.pch
e:\ecm_remote\ecm_client\jtagprintcpu1\181115\jtagprintcpu1\debug\vc120.idb
e:\ecm_remote\ecm_client\jtagprintcpu1\181115\jtagprintcpu1\debug\vc120.pdb
e:\ecm_remote\ecm_client\jtagprintcpu1\181115\debug\jtagprintcpu1.pdb
e:\ecm_remote\ecm_client\jtagprintcpu1\181115\debug\jtagprintcpu1.exe
e:\ecm_remote\ecm_client\jtagprintcpu1\181115\debug\jtagprintcpu1.ilk
e:\ecm_remote\ecm_client\jtagprintcpu1\181115\jtagprintcpu1\debug\jtagprintcpu1.tlog\cl.command.1.tlog
e:\ecm_remote\ecm_client\jtagprintcpu1\181115\jtagprintcpu1\debug\jtagprintcpu1.tlog\cl.read.1.tlog
e:\ecm_remote\ecm_client\jtagprintcpu1\181115\jtagprintcpu1\debug\jtagprintcpu1.tlog\cl.write.1.tlog
e:\ecm_remote\ecm_client\jtagprintcpu1\181115\jtagprintcpu1\debug\jtagprintcpu1.tlog\link.command.1.tlog
e:\ecm_remote\ecm_client\jtagprintcpu1\181115\jtagprintcpu1\debug\jtagprintcpu1.tlog\link.read.1.tlog
e:\ecm_remote\ecm_client\jtagprintcpu1\181115\jtagprintcpu1\debug\jtagprintcpu1.tlog\link.write.1.tlog
e:\ecm_remote\ecm_client\jtagprintcpu1\181115\jtagprintcpu1\debug\jtagprintcpu1.tlog\rc.command.1.tlog
e:\ecm_remote\ecm_client\jtagprintcpu1\181115\jtagprintcpu1\debug\jtagprintcpu1.tlog\rc.read.1.tlog
e:\ecm_remote\ecm_client\jtagprintcpu1\181115\jtagprintcpu1\debug\jtagprintcpu1.tlog\rc.write.1.tlog
