d:\2018\ecm_remote\ecm_client\jtagprintcpu0\180823\jtagprintcpu0\release\jtagprintcpu0.pch
d:\2018\ecm_remote\ecm_client\jtagprintcpu0\180823\jtagprintcpu0\release\vc120.pdb
d:\2018\ecm_remote\ecm_client\jtagprintcpu0\180823\jtagprintcpu0\release\stdafx.obj
d:\2018\ecm_remote\ecm_client\jtagprintcpu0\180823\jtagprintcpu0\release\xdib.obj
d:\2018\ecm_remote\ecm_client\jtagprintcpu0\180823\jtagprintcpu0\release\shadebuttonst.obj
d:\2018\ecm_remote\ecm_client\jtagprintcpu0\180823\jtagprintcpu0\release\jtagprintcpu0dlg.obj
d:\2018\ecm_remote\ecm_client\jtagprintcpu0\180823\jtagprintcpu0\release\jtagprintcpu0.obj
d:\2018\ecm_remote\ecm_client\jtagprintcpu0\180823\jtagprintcpu0\release\define.obj
d:\2018\ecm_remote\ecm_client\jtagprintcpu0\180823\jtagprintcpu0\release\btnst.obj
d:\2018\ecm_remote\ecm_client\jtagprintcpu0\180823\release\jtagprintcpu0.exe
d:\2018\ecm_remote\ecm_client\jtagprintcpu0\180823\release\jtagprintcpu0.pdb
d:\2018\ecm_remote\ecm_client\jtagprintcpu0\180823\jtagprintcpu0\release\jtagprintcpu0.res
e:\ecm_remote\ecm_client\jtagprintcpu0\180823\jtagprintcpu0\release\btnst.obj
e:\ecm_remote\ecm_client\jtagprintcpu0\180823\jtagprintcpu0\release\define.obj
e:\ecm_remote\ecm_client\jtagprintcpu0\180823\jtagprintcpu0\release\jtagprintcpu0.obj
e:\ecm_remote\ecm_client\jtagprintcpu0\180823\jtagprintcpu0\release\jtagprintcpu0dlg.obj
e:\ecm_remote\ecm_client\jtagprintcpu0\180823\jtagprintcpu0\release\shadebuttonst.obj
e:\ecm_remote\ecm_client\jtagprintcpu0\180823\jtagprintcpu0\release\stdafx.obj
e:\ecm_remote\ecm_client\jtagprintcpu0\180823\jtagprintcpu0\release\xdib.obj
e:\ecm_remote\ecm_client\jtagprintcpu0\180823\jtagprintcpu0\release\jtagprintcpu0.res
e:\ecm_remote\ecm_client\jtagprintcpu0\180823\jtagprintcpu0\release\jtagprintcpu0.pch
e:\ecm_remote\ecm_client\jtagprintcpu0\180823\jtagprintcpu0\release\vc120.pdb
e:\ecm_remote\ecm_client\jtagprintcpu0\180823\release\jtagprintcpu0.pdb
e:\ecm_remote\ecm_client\jtagprintcpu0\180823\release\jtagprintcpu0.exe
e:\ecm_remote\ecm_client\jtagprintcpu0\180823\jtagprintcpu0\release\jtagprintcpu0.tlog\cl.command.1.tlog
e:\ecm_remote\ecm_client\jtagprintcpu0\180823\jtagprintcpu0\release\jtagprintcpu0.tlog\cl.read.1.tlog
e:\ecm_remote\ecm_client\jtagprintcpu0\180823\jtagprintcpu0\release\jtagprintcpu0.tlog\cl.write.1.tlog
e:\ecm_remote\ecm_client\jtagprintcpu0\180823\jtagprintcpu0\release\jtagprintcpu0.tlog\link.command.1.tlog
e:\ecm_remote\ecm_client\jtagprintcpu0\180823\jtagprintcpu0\release\jtagprintcpu0.tlog\link.read.1.tlog
e:\ecm_remote\ecm_client\jtagprintcpu0\180823\jtagprintcpu0\release\jtagprintcpu0.tlog\link.write.1.tlog
e:\ecm_remote\ecm_client\jtagprintcpu0\180823\jtagprintcpu0\release\jtagprintcpu0.tlog\rc.command.1.tlog
e:\ecm_remote\ecm_client\jtagprintcpu0\180823\jtagprintcpu0\release\jtagprintcpu0.tlog\rc.read.1.tlog
e:\ecm_remote\ecm_client\jtagprintcpu0\180823\jtagprintcpu0\release\jtagprintcpu0.tlog\rc.write.1.tlog
