c:\users\eyeni\onedrive\문서\visual studio 2013\projects\lua\lua\debug\lua.pch
c:\users\eyeni\onedrive\문서\visual studio 2013\projects\lua\lua\debug\vc120.pdb
c:\users\eyeni\onedrive\문서\visual studio 2013\projects\lua\lua\debug\vc120.idb
c:\users\eyeni\onedrive\문서\visual studio 2013\projects\lua\lua\debug\stdafx.obj
c:\users\eyeni\onedrive\문서\visual studio 2013\projects\lua\lua\debug\btnst.obj
c:\users\eyeni\onedrive\문서\visual studio 2013\projects\lua\lua\debug\define.obj
c:\users\eyeni\onedrive\문서\visual studio 2013\projects\lua\lua\debug\lua.obj
c:\users\eyeni\onedrive\문서\visual studio 2013\projects\lua\lua\debug\luadlg.obj
c:\users\eyeni\onedrive\문서\visual studio 2013\projects\lua\lua\debug\shadebuttonst.obj
c:\users\eyeni\onedrive\문서\visual studio 2013\projects\lua\lua\debug\xdib.obj
c:\users\eyeni\onedrive\문서\visual studio 2013\projects\lua\debug\lua.ilk
c:\users\eyeni\onedrive\문서\visual studio 2013\projects\lua\debug\lua.exe
c:\users\eyeni\onedrive\문서\visual studio 2013\projects\lua\debug\lua.pdb
c:\users\eyeni\onedrive\문서\visual studio 2013\projects\lua\lua\debug\lua.res
e:\ecm_remote\ecm_client\lua\181031\lua\debug\btnst.obj
e:\ecm_remote\ecm_client\lua\181031\lua\debug\define.obj
e:\ecm_remote\ecm_client\lua\181031\lua\debug\lua.obj
e:\ecm_remote\ecm_client\lua\181031\lua\debug\luadlg.obj
e:\ecm_remote\ecm_client\lua\181031\lua\debug\shadebuttonst.obj
e:\ecm_remote\ecm_client\lua\181031\lua\debug\stdafx.obj
e:\ecm_remote\ecm_client\lua\181031\lua\debug\xdib.obj
e:\ecm_remote\ecm_client\lua\181031\lua\debug\lua.res
e:\ecm_remote\ecm_client\lua\181031\lua\debug\lua.pch
e:\ecm_remote\ecm_client\lua\181031\lua\debug\vc120.idb
e:\ecm_remote\ecm_client\lua\181031\lua\debug\vc120.pdb
e:\ecm_remote\ecm_client\lua\181031\debug\lua.pdb
e:\ecm_remote\ecm_client\lua\181031\debug\lua.exe
e:\ecm_remote\ecm_client\lua\181031\debug\lua.ilk
e:\ecm_remote\ecm_client\lua\181031\lua\debug\lua.tlog\cl.command.1.tlog
e:\ecm_remote\ecm_client\lua\181031\lua\debug\lua.tlog\cl.read.1.tlog
e:\ecm_remote\ecm_client\lua\181031\lua\debug\lua.tlog\cl.write.1.tlog
e:\ecm_remote\ecm_client\lua\181031\lua\debug\lua.tlog\link.command.1.tlog
e:\ecm_remote\ecm_client\lua\181031\lua\debug\lua.tlog\link.read.1.tlog
e:\ecm_remote\ecm_client\lua\181031\lua\debug\lua.tlog\link.write.1.tlog
e:\ecm_remote\ecm_client\lua\181031\lua\debug\lua.tlog\rc.command.1.tlog
e:\ecm_remote\ecm_client\lua\181031\lua\debug\lua.tlog\rc.read.1.tlog
e:\ecm_remote\ecm_client\lua\181031\lua\debug\lua.tlog\rc.write.1.tlog
