d:\2018\cli\180427\cli\cli\release\cli.pch
d:\2018\cli\180427\cli\cli\release\vc120.pdb
d:\2018\cli\180427\cli\cli\release\stdafx.obj
d:\2018\cli\180427\cli\cli\release\list.obj
d:\2018\cli\180427\cli\cli\release\cli.obj
d:\2018\cli\180427\cli\cli\release\dllmain.obj
d:\2018\cli\180427\cli\release\cli.lib
d:\2018\cli\180427\cli\release\cli.exp
d:\2018\cli\180427\cli\release\cli.dll
d:\2018\cli\180427\cli\release\cli.pdb
d:\2018\cli\180813\cli\cli\release\cli.obj
d:\2018\cli\180813\cli\cli\release\dllmain.obj
d:\2018\cli\180813\cli\cli\release\list.obj
d:\2018\cli\180813\cli\cli\release\stdafx.obj
d:\2018\cli\180813\cli\cli\release\cli.pch
d:\2018\cli\180813\cli\cli\release\vc120.pdb
d:\2018\cli\180813\cli\release\cli.pdb
d:\2018\cli\180813\cli\release\cli.dll
d:\2018\cli\180813\cli\cli\release\cli.tlog\cl.command.1.tlog
d:\2018\cli\180813\cli\cli\release\cli.tlog\cl.read.1.tlog
d:\2018\cli\180813\cli\cli\release\cli.tlog\cl.write.1.tlog
d:\2018\cli\180813\cli\cli\release\cli.tlog\cli.write.1u.tlog
d:\2018\cli\180813\cli\cli\release\cli.tlog\link.command.1.tlog
d:\2018\cli\180813\cli\cli\release\cli.tlog\link.read.1.tlog
d:\2018\cli\180813\cli\cli\release\cli.tlog\link.write.1.tlog
