d:\2018\ecm_remote\ecm_client\key\180821\key\release\vc120.pdb
d:\2018\ecm_remote\ecm_client\key\180911\key\release\vc120.pdb
e:\ecm_remote\ecm_client\key\180911\key\release\key.pch
e:\ecm_remote\ecm_client\key\180911\key\release\vc120.pdb
e:\ecm_remote\ecm_client\key\180911\key\release\stdafx.obj
e:\ecm_remote\ecm_client\key\180911\key\release\xdib.obj
e:\ecm_remote\ecm_client\key\180911\key\release\shadebuttonst.obj
e:\ecm_remote\ecm_client\key\180911\key\release\keydlg.obj
e:\ecm_remote\ecm_client\key\180911\key\release\key.obj
e:\ecm_remote\ecm_client\key\180911\key\release\define.obj
e:\ecm_remote\ecm_client\key\180911\key\release\btnst.obj
d:\2018\ecm_remote\ecm_client\key\180821\release\key.exe
d:\2018\ecm_remote\ecm_client\key\180821\release\key.pdb
d:\2018\ecm_remote\ecm_client\key\180911\release\key.exe
d:\2018\ecm_remote\ecm_client\key\180911\release\key.pdb
e:\ecm_remote\ecm_client\key\180911\release\key.exe
e:\ecm_remote\ecm_client\key\180911\release\key.pdb
e:\ecm_remote\ecm_client\key\180911\key\release\key.res
e:\ecm_remote\ecm_client\key\180911\key\release\key.tlog\cl.command.1.tlog
e:\ecm_remote\ecm_client\key\180911\key\release\key.tlog\cl.read.1.tlog
e:\ecm_remote\ecm_client\key\180911\key\release\key.tlog\cl.write.1.tlog
e:\ecm_remote\ecm_client\key\180911\key\release\key.tlog\link.command.1.tlog
e:\ecm_remote\ecm_client\key\180911\key\release\key.tlog\link.read.1.tlog
e:\ecm_remote\ecm_client\key\180911\key\release\key.tlog\link.write.1.tlog
e:\ecm_remote\ecm_client\key\180911\key\release\key.tlog\rc.command.1.tlog
e:\ecm_remote\ecm_client\key\180911\key\release\key.tlog\rc.read.1.tlog
e:\ecm_remote\ecm_client\key\180911\key\release\key.tlog\rc.write.1.tlog
