d:\2018\ecm_remote\ecm_client\viewer\180912\viewer\debug\viewer.pch
d:\2018\ecm_remote\ecm_client\viewer\180912\viewer\debug\vc120.pdb
d:\2018\ecm_remote\ecm_client\viewer\180912\viewer\debug\vc120.idb
d:\2018\ecm_remote\ecm_client\viewer\180912\viewer\debug\stdafx.obj
d:\2018\ecm_remote\ecm_client\viewer\180912\viewer\debug\btnst.obj
d:\2018\ecm_remote\ecm_client\viewer\180912\viewer\debug\colorpicker.obj
d:\2018\ecm_remote\ecm_client\viewer\180912\viewer\debug\colorpopup.obj
d:\2018\ecm_remote\ecm_client\viewer\180912\viewer\debug\define.obj
d:\2018\ecm_remote\ecm_client\viewer\180912\viewer\debug\shadebuttonst.obj
d:\2018\ecm_remote\ecm_client\viewer\180912\viewer\debug\viewer.obj
d:\2018\ecm_remote\ecm_client\viewer\180912\viewer\debug\viewercapture.obj
d:\2018\ecm_remote\ecm_client\viewer\180912\viewer\debug\viewerdlg.obj
d:\2018\ecm_remote\ecm_client\viewer\180912\viewer\debug\viewerset.obj
d:\2018\ecm_remote\ecm_client\viewer\180912\viewer\debug\viewersnap.obj
d:\2018\ecm_remote\ecm_client\viewer\180912\viewer\debug\xdib.obj
d:\2018\ecm_remote\ecm_client\viewer\180912\debug\viewer.ilk
d:\2018\ecm_remote\ecm_client\viewer\180912\debug\viewer.exe
d:\2018\ecm_remote\ecm_client\viewer\180912\debug\viewer.pdb
d:\2018\ecm_remote\ecm_client\viewer\180912\viewer\debug\viewer.res
e:\ecm_remote\ecm_client\viewer\180912\viewer\debug\btnst.obj
e:\ecm_remote\ecm_client\viewer\180912\viewer\debug\colorpicker.obj
e:\ecm_remote\ecm_client\viewer\180912\viewer\debug\colorpopup.obj
e:\ecm_remote\ecm_client\viewer\180912\viewer\debug\define.obj
e:\ecm_remote\ecm_client\viewer\180912\viewer\debug\shadebuttonst.obj
e:\ecm_remote\ecm_client\viewer\180912\viewer\debug\stdafx.obj
e:\ecm_remote\ecm_client\viewer\180912\viewer\debug\viewer.obj
e:\ecm_remote\ecm_client\viewer\180912\viewer\debug\viewercapture.obj
e:\ecm_remote\ecm_client\viewer\180912\viewer\debug\viewerdlg.obj
e:\ecm_remote\ecm_client\viewer\180912\viewer\debug\viewerset.obj
e:\ecm_remote\ecm_client\viewer\180912\viewer\debug\viewersnap.obj
e:\ecm_remote\ecm_client\viewer\180912\viewer\debug\xdib.obj
e:\ecm_remote\ecm_client\viewer\180912\viewer\debug\viewer.res
e:\ecm_remote\ecm_client\viewer\180912\viewer\debug\viewer.pch
e:\ecm_remote\ecm_client\viewer\180912\viewer\debug\vc120.idb
e:\ecm_remote\ecm_client\viewer\180912\viewer\debug\vc120.pdb
e:\ecm_remote\ecm_client\viewer\180912\debug\viewer.pdb
e:\ecm_remote\ecm_client\viewer\180912\debug\viewer.exe
e:\ecm_remote\ecm_client\viewer\180912\debug\viewer.ilk
e:\ecm_remote\ecm_client\viewer\180912\viewer\debug\viewer.tlog\cl.command.1.tlog
e:\ecm_remote\ecm_client\viewer\180912\viewer\debug\viewer.tlog\cl.read.1.tlog
e:\ecm_remote\ecm_client\viewer\180912\viewer\debug\viewer.tlog\cl.write.1.tlog
e:\ecm_remote\ecm_client\viewer\180912\viewer\debug\viewer.tlog\link.command.1.tlog
e:\ecm_remote\ecm_client\viewer\180912\viewer\debug\viewer.tlog\link.read.1.tlog
e:\ecm_remote\ecm_client\viewer\180912\viewer\debug\viewer.tlog\link.write.1.tlog
e:\ecm_remote\ecm_client\viewer\180912\viewer\debug\viewer.tlog\rc.command.1.tlog
e:\ecm_remote\ecm_client\viewer\180912\viewer\debug\viewer.tlog\rc.read.1.tlog
e:\ecm_remote\ecm_client\viewer\180912\viewer\debug\viewer.tlog\rc.write.1.tlog
