d:\2018\ecm_remote\ecm_client\gamma\180806\gamma\debug\gamma.pch
d:\2018\ecm_remote\ecm_client\gamma\180806\gamma\debug\vc120.pdb
d:\2018\ecm_remote\ecm_client\gamma\180806\gamma\debug\vc120.idb
d:\2018\ecm_remote\ecm_client\gamma\180806\gamma\debug\stdafx.obj
d:\2018\ecm_remote\ecm_client\gamma\180806\gamma\debug\btnst.obj
d:\2018\ecm_remote\ecm_client\gamma\180806\gamma\debug\define.obj
d:\2018\ecm_remote\ecm_client\gamma\180806\gamma\debug\gamma.obj
d:\2018\ecm_remote\ecm_client\gamma\180806\gamma\debug\gammadlg.obj
d:\2018\ecm_remote\ecm_client\gamma\180806\gamma\debug\shadebuttonst.obj
d:\2018\ecm_remote\ecm_client\gamma\180806\gamma\debug\xdib.obj
d:\2018\ecm_remote\ecm_client\gamma\180806\debug\gamma.ilk
d:\2018\ecm_remote\ecm_client\gamma\180806\debug\gamma.exe
d:\2018\ecm_remote\ecm_client\gamma\180806\debug\gamma.pdb
d:\2018\ecm_remote\ecm_client\gamma\180806\gamma\debug\gamma.res
e:\ecm_remote\ecm_client\gamma\180911\gamma\debug\btnst.obj
e:\ecm_remote\ecm_client\gamma\180911\gamma\debug\define.obj
e:\ecm_remote\ecm_client\gamma\180911\gamma\debug\gamma.obj
e:\ecm_remote\ecm_client\gamma\180911\gamma\debug\gammadlg.obj
e:\ecm_remote\ecm_client\gamma\180911\gamma\debug\shadebuttonst.obj
e:\ecm_remote\ecm_client\gamma\180911\gamma\debug\stdafx.obj
e:\ecm_remote\ecm_client\gamma\180911\gamma\debug\xdib.obj
e:\ecm_remote\ecm_client\gamma\180911\gamma\debug\gamma.res
e:\ecm_remote\ecm_client\gamma\180911\gamma\debug\gamma.pch
e:\ecm_remote\ecm_client\gamma\180911\gamma\debug\vc120.idb
e:\ecm_remote\ecm_client\gamma\180911\gamma\debug\vc120.pdb
e:\ecm_remote\ecm_client\gamma\180911\debug\gamma.pdb
e:\ecm_remote\ecm_client\gamma\180911\debug\gamma.exe
e:\ecm_remote\ecm_client\gamma\180911\debug\gamma.ilk
e:\ecm_remote\ecm_client\gamma\180911\gamma\debug\gamma.tlog\cl.command.1.tlog
e:\ecm_remote\ecm_client\gamma\180911\gamma\debug\gamma.tlog\cl.read.1.tlog
e:\ecm_remote\ecm_client\gamma\180911\gamma\debug\gamma.tlog\cl.write.1.tlog
e:\ecm_remote\ecm_client\gamma\180911\gamma\debug\gamma.tlog\link.command.1.tlog
e:\ecm_remote\ecm_client\gamma\180911\gamma\debug\gamma.tlog\link.read.1.tlog
e:\ecm_remote\ecm_client\gamma\180911\gamma\debug\gamma.tlog\link.write.1.tlog
e:\ecm_remote\ecm_client\gamma\180911\gamma\debug\gamma.tlog\rc.command.1.tlog
e:\ecm_remote\ecm_client\gamma\180911\gamma\debug\gamma.tlog\rc.read.1.tlog
e:\ecm_remote\ecm_client\gamma\180911\gamma\debug\gamma.tlog\rc.write.1.tlog
