e:\ecm_remote\ecm_client\jtagdebugger\190109\jtagdebugger\debug\jtagdebugger.pch
e:\ecm_remote\ecm_client\jtagdebugger\190109\jtagdebugger\debug\vc120.pdb
e:\ecm_remote\ecm_client\jtagdebugger\190109\jtagdebugger\debug\vc120.idb
e:\ecm_remote\ecm_client\jtagdebugger\190109\jtagdebugger\debug\stdafx.obj
e:\ecm_remote\ecm_client\jtagdebugger\190109\jtagdebugger\debug\btnst.obj
e:\ecm_remote\ecm_client\jtagdebugger\190109\jtagdebugger\debug\define.obj
e:\ecm_remote\ecm_client\jtagdebugger\190109\jtagdebugger\debug\jtagdebugger.obj
e:\ecm_remote\ecm_client\jtagdebugger\190109\jtagdebugger\debug\jtagdebuggerdlg.obj
e:\ecm_remote\ecm_client\jtagdebugger\190109\jtagdebugger\debug\jtag_flash.obj
e:\ecm_remote\ecm_client\jtagdebugger\190109\jtagdebugger\debug\shadebuttonst.obj
e:\ecm_remote\ecm_client\jtagdebugger\190109\jtagdebugger\debug\xdib.obj
e:\ecm_remote\ecm_client\jtagdebugger\190115\jtagdebugger\debug\jtagdebugger.pch
e:\ecm_remote\ecm_client\jtagdebugger\190115\jtagdebugger\debug\vc120.pdb
e:\ecm_remote\ecm_client\jtagdebugger\190115\jtagdebugger\debug\vc120.idb
e:\ecm_remote\ecm_client\jtagdebugger\190115\jtagdebugger\debug\stdafx.obj
e:\ecm_remote\ecm_client\jtagdebugger\190115\jtagdebugger\debug\btnst.obj
e:\ecm_remote\ecm_client\jtagdebugger\190115\jtagdebugger\debug\define.obj
e:\ecm_remote\ecm_client\jtagdebugger\190115\jtagdebugger\debug\jtagdebugger.obj
e:\ecm_remote\ecm_client\jtagdebugger\190115\jtagdebugger\debug\jtag_flash.obj
e:\ecm_remote\ecm_client\jtagdebugger\190115\jtagdebugger\debug\shadebuttonst.obj
e:\ecm_remote\ecm_client\jtagdebugger\190115\jtagdebugger\debug\xdib.obj
e:\ecm_remote\ecm_client\jtagdebugger\190115\jtagdebugger\debug\jtagdebuggerdlg.obj
e:\ecm_remote\ecm_client\jtagdebugger\190122\jtagdebugger\debug\jtagdebugger.pch
e:\ecm_remote\ecm_client\jtagdebugger\190122\jtagdebugger\debug\vc120.pdb
e:\ecm_remote\ecm_client\jtagdebugger\190122\jtagdebugger\debug\vc120.idb
e:\ecm_remote\ecm_client\jtagdebugger\190122\jtagdebugger\debug\stdafx.obj
e:\ecm_remote\ecm_client\jtagdebugger\190122\jtagdebugger\debug\btnst.obj
e:\ecm_remote\ecm_client\jtagdebugger\190122\jtagdebugger\debug\define.obj
e:\ecm_remote\ecm_client\jtagdebugger\190122\jtagdebugger\debug\jtagdebugger.obj
e:\ecm_remote\ecm_client\jtagdebugger\190122\jtagdebugger\debug\jtagdebuggerdlg.obj
e:\ecm_remote\ecm_client\jtagdebugger\190122\jtagdebugger\debug\jtag_flash.obj
e:\ecm_remote\ecm_client\jtagdebugger\190122\jtagdebugger\debug\shadebuttonst.obj
e:\ecm_remote\ecm_client\jtagdebugger\190122\jtagdebugger\debug\xdib.obj
e:\ecm_remote\ecm_client\jtagdebugger\190207\jtagdebugger\debug\jtagdebugger.pch
e:\ecm_remote\ecm_client\jtagdebugger\190207\jtagdebugger\debug\vc120.pdb
e:\ecm_remote\ecm_client\jtagdebugger\190207\jtagdebugger\debug\vc120.idb
e:\ecm_remote\ecm_client\jtagdebugger\190207\jtagdebugger\debug\stdafx.obj
e:\ecm_remote\ecm_client\jtagdebugger\190207\jtagdebugger\debug\btnst.obj
e:\ecm_remote\ecm_client\jtagdebugger\190207\jtagdebugger\debug\define.obj
e:\ecm_remote\ecm_client\jtagdebugger\190207\jtagdebugger\debug\jtagdebugger.obj
e:\ecm_remote\ecm_client\jtagdebugger\190207\jtagdebugger\debug\jtagdebuggerdlg.obj
e:\ecm_remote\ecm_client\jtagdebugger\190207\jtagdebugger\debug\jtag_flash.obj
e:\ecm_remote\ecm_client\jtagdebugger\190207\jtagdebugger\debug\shadebuttonst.obj
e:\ecm_remote\ecm_client\jtagdebugger\190207\jtagdebugger\debug\xdib.obj
e:\ecm_remote\ecm_client\jtagdebugger\190318\jtagdebugger\debug\jtagdebugger.pch
e:\ecm_remote\ecm_client\jtagdebugger\190318\jtagdebugger\debug\vc120.pdb
e:\ecm_remote\ecm_client\jtagdebugger\190318\jtagdebugger\debug\vc120.idb
e:\ecm_remote\ecm_client\jtagdebugger\190318\jtagdebugger\debug\stdafx.obj
e:\ecm_remote\ecm_client\jtagdebugger\190318\jtagdebugger\debug\btnst.obj
e:\ecm_remote\ecm_client\jtagdebugger\190318\jtagdebugger\debug\define.obj
e:\ecm_remote\ecm_client\jtagdebugger\190318\jtagdebugger\debug\jtagdebugger.obj
e:\ecm_remote\ecm_client\jtagdebugger\190318\jtagdebugger\debug\jtagdebuggerdlg.obj
e:\ecm_remote\ecm_client\jtagdebugger\190318\jtagdebugger\debug\jtag_flash.obj
e:\ecm_remote\ecm_client\jtagdebugger\190318\jtagdebugger\debug\shadebuttonst.obj
e:\ecm_remote\ecm_client\jtagdebugger\190318\jtagdebugger\debug\xdib.obj
e:\ecm_remote\ecm_client\jtagdebugger\190109\debug\jtagdebugger.ilk
e:\ecm_remote\ecm_client\jtagdebugger\190109\debug\jtagdebugger.exe
e:\ecm_remote\ecm_client\jtagdebugger\190109\debug\jtagdebugger.pdb
e:\ecm_remote\ecm_client\jtagdebugger\190115\debug\jtagdebugger.ilk
e:\ecm_remote\ecm_client\jtagdebugger\190115\debug\jtagdebugger.exe
e:\ecm_remote\ecm_client\jtagdebugger\190115\debug\jtagdebugger.pdb
e:\ecm_remote\ecm_client\jtagdebugger\190122\debug\jtagdebugger.ilk
e:\ecm_remote\ecm_client\jtagdebugger\190122\debug\jtagdebugger.exe
e:\ecm_remote\ecm_client\jtagdebugger\190122\debug\jtagdebugger.pdb
e:\ecm_remote\ecm_client\jtagdebugger\190207\debug\jtagdebugger.ilk
e:\ecm_remote\ecm_client\jtagdebugger\190207\debug\jtagdebugger.exe
e:\ecm_remote\ecm_client\jtagdebugger\190207\debug\jtagdebugger.pdb
e:\ecm_remote\ecm_client\jtagdebugger\190318\debug\jtagdebugger.ilk
e:\ecm_remote\ecm_client\jtagdebugger\190318\debug\jtagdebugger.exe
e:\ecm_remote\ecm_client\jtagdebugger\190318\debug\jtagdebugger.pdb
e:\ecm_remote\ecm_client\jtagdebugger\190109\jtagdebugger\debug\jtagdebugger.res
e:\ecm_remote\ecm_client\jtagdebugger\190115\jtagdebugger\debug\jtagdebugger.res
e:\ecm_remote\ecm_client\jtagdebugger\190122\jtagdebugger\debug\jtagdebugger.res
e:\ecm_remote\ecm_client\jtagdebugger\190207\jtagdebugger\debug\jtagdebugger.res
e:\ecm_remote\ecm_client\jtagdebugger\190318\jtagdebugger\debug\jtagdebugger.res
e:\ecm_remote\ecm_client\jtagdebugger\190318\jtagdebugger\debug\jtagdebugger.tlog\cl.command.1.tlog
e:\ecm_remote\ecm_client\jtagdebugger\190318\jtagdebugger\debug\jtagdebugger.tlog\cl.read.1.tlog
e:\ecm_remote\ecm_client\jtagdebugger\190318\jtagdebugger\debug\jtagdebugger.tlog\cl.write.1.tlog
e:\ecm_remote\ecm_client\jtagdebugger\190318\jtagdebugger\debug\jtagdebugger.tlog\link.command.1.tlog
e:\ecm_remote\ecm_client\jtagdebugger\190318\jtagdebugger\debug\jtagdebugger.tlog\link.read.1.tlog
e:\ecm_remote\ecm_client\jtagdebugger\190318\jtagdebugger\debug\jtagdebugger.tlog\link.write.1.tlog
e:\ecm_remote\ecm_client\jtagdebugger\190318\jtagdebugger\debug\jtagdebugger.tlog\rc.command.1.tlog
e:\ecm_remote\ecm_client\jtagdebugger\190318\jtagdebugger\debug\jtagdebugger.tlog\rc.read.1.tlog
e:\ecm_remote\ecm_client\jtagdebugger\190318\jtagdebugger\debug\jtagdebugger.tlog\rc.write.1.tlog
