d:\2018\ecm_remote\ecm_client\viewer\180726\viewer\release\viewer.pch
d:\2018\ecm_remote\ecm_client\viewer\180726\viewer\release\vc120.pdb
d:\2018\ecm_remote\ecm_client\viewer\180726\viewer\release\stdafx.obj
d:\2018\ecm_remote\ecm_client\viewer\180726\viewer\release\xdib.obj
d:\2018\ecm_remote\ecm_client\viewer\180726\viewer\release\viewersnap.obj
d:\2018\ecm_remote\ecm_client\viewer\180726\viewer\release\viewerset.obj
d:\2018\ecm_remote\ecm_client\viewer\180726\viewer\release\viewerdlg.obj
d:\2018\ecm_remote\ecm_client\viewer\180726\viewer\release\viewercapture.obj
d:\2018\ecm_remote\ecm_client\viewer\180726\viewer\release\viewer.obj
d:\2018\ecm_remote\ecm_client\viewer\180726\viewer\release\shadebuttonst.obj
d:\2018\ecm_remote\ecm_client\viewer\180726\viewer\release\define.obj
d:\2018\ecm_remote\ecm_client\viewer\180726\viewer\release\colorpopup.obj
d:\2018\ecm_remote\ecm_client\viewer\180726\viewer\release\colorpicker.obj
d:\2018\ecm_remote\ecm_client\viewer\180726\viewer\release\btnst.obj
d:\2018\ecm_remote\ecm_client\viewer\180726\release\viewer.exe
d:\2018\ecm_remote\ecm_client\viewer\180726\release\viewer.pdb
d:\2018\ecm_remote\ecm_client\viewer\180726\viewer\release\viewer.res
e:\ecm_remote\ecm_client\viewer\180912\viewer\release\btnst.obj
e:\ecm_remote\ecm_client\viewer\180912\viewer\release\colorpicker.obj
e:\ecm_remote\ecm_client\viewer\180912\viewer\release\colorpopup.obj
e:\ecm_remote\ecm_client\viewer\180912\viewer\release\define.obj
e:\ecm_remote\ecm_client\viewer\180912\viewer\release\shadebuttonst.obj
e:\ecm_remote\ecm_client\viewer\180912\viewer\release\stdafx.obj
e:\ecm_remote\ecm_client\viewer\180912\viewer\release\viewer.obj
e:\ecm_remote\ecm_client\viewer\180912\viewer\release\viewercapture.obj
e:\ecm_remote\ecm_client\viewer\180912\viewer\release\viewerdlg.obj
e:\ecm_remote\ecm_client\viewer\180912\viewer\release\viewerset.obj
e:\ecm_remote\ecm_client\viewer\180912\viewer\release\viewersnap.obj
e:\ecm_remote\ecm_client\viewer\180912\viewer\release\xdib.obj
e:\ecm_remote\ecm_client\viewer\180912\viewer\release\viewer.res
e:\ecm_remote\ecm_client\viewer\180912\viewer\release\viewer.pch
e:\ecm_remote\ecm_client\viewer\180912\viewer\release\vc120.pdb
e:\ecm_remote\ecm_client\viewer\180912\release\viewer.pdb
e:\ecm_remote\ecm_client\viewer\180912\release\viewer.exe
e:\ecm_remote\ecm_client\viewer\180912\viewer\release\viewer.tlog\cl.command.1.tlog
e:\ecm_remote\ecm_client\viewer\180912\viewer\release\viewer.tlog\cl.read.1.tlog
e:\ecm_remote\ecm_client\viewer\180912\viewer\release\viewer.tlog\cl.write.1.tlog
e:\ecm_remote\ecm_client\viewer\180912\viewer\release\viewer.tlog\link.command.1.tlog
e:\ecm_remote\ecm_client\viewer\180912\viewer\release\viewer.tlog\link.read.1.tlog
e:\ecm_remote\ecm_client\viewer\180912\viewer\release\viewer.tlog\link.write.1.tlog
e:\ecm_remote\ecm_client\viewer\180912\viewer\release\viewer.tlog\rc.command.1.tlog
e:\ecm_remote\ecm_client\viewer\180912\viewer\release\viewer.tlog\rc.read.1.tlog
e:\ecm_remote\ecm_client\viewer\180912\viewer\release\viewer.tlog\rc.write.1.tlog
