c:\users\kimsh\documents\visual studio 2013\projects\htb\htb\release\htb.pch
c:\users\kimsh\documents\visual studio 2013\projects\htb\htb\release\vc120.pdb
c:\users\kimsh\documents\visual studio 2013\projects\htb\htb\release\stdafx.obj
c:\users\kimsh\documents\visual studio 2013\projects\htb\htb\release\htbdlg.obj
c:\users\kimsh\documents\visual studio 2013\projects\htb\htb\release\htb.obj
d:\2018\ecm_remote\ecm_client\htb\180917\htb\release\htb.pch
d:\2018\ecm_remote\ecm_client\htb\180917\htb\release\vc120.pdb
d:\2018\ecm_remote\ecm_client\htb\180917\htb\release\stdafx.obj
d:\2018\ecm_remote\ecm_client\htb\180917\htb\release\htbdlg.obj
d:\2018\ecm_remote\ecm_client\htb\180917\htb\release\htb.obj
c:\users\kimsh\documents\visual studio 2013\projects\htb\release\htb.exe
c:\users\kimsh\documents\visual studio 2013\projects\htb\release\htb.pdb
d:\2018\ecm_remote\ecm_client\htb\180917\release\htb.exe
d:\2018\ecm_remote\ecm_client\htb\180917\release\htb.pdb
c:\users\kimsh\documents\visual studio 2013\projects\htb\htb\release\htb.res
d:\2018\ecm_remote\ecm_client\htb\180917\htb\release\htb.res
e:\ecm_remote\ecm_client\htb\180917\htb\release\htb.obj
e:\ecm_remote\ecm_client\htb\180917\htb\release\htbdlg.obj
e:\ecm_remote\ecm_client\htb\180917\htb\release\stdafx.obj
e:\ecm_remote\ecm_client\htb\180917\htb\release\htb.res
e:\ecm_remote\ecm_client\htb\180917\htb\release\htb.pch
e:\ecm_remote\ecm_client\htb\180917\htb\release\vc120.pdb
e:\ecm_remote\ecm_client\htb\180917\release\htb.pdb
e:\ecm_remote\ecm_client\htb\180917\release\htb.exe
e:\ecm_remote\ecm_client\htb\180917\htb\release\htb.tlog\cl.command.1.tlog
e:\ecm_remote\ecm_client\htb\180917\htb\release\htb.tlog\cl.read.1.tlog
e:\ecm_remote\ecm_client\htb\180917\htb\release\htb.tlog\cl.write.1.tlog
e:\ecm_remote\ecm_client\htb\180917\htb\release\htb.tlog\link.command.1.tlog
e:\ecm_remote\ecm_client\htb\180917\htb\release\htb.tlog\link.read.1.tlog
e:\ecm_remote\ecm_client\htb\180917\htb\release\htb.tlog\link.write.1.tlog
e:\ecm_remote\ecm_client\htb\180917\htb\release\htb.tlog\rc.command.1.tlog
e:\ecm_remote\ecm_client\htb\180917\htb\release\htb.tlog\rc.read.1.tlog
e:\ecm_remote\ecm_client\htb\180917\htb\release\htb.tlog\rc.write.1.tlog
