e:\ecm_remote\ecm_remote\190315\ecm_remote\release\ecm_remote.pch
e:\ecm_remote\ecm_remote\190315\ecm_remote\release\vc120.pdb
e:\ecm_remote\ecm_remote\190315\ecm_remote\release\stdafx.obj
e:\ecm_remote\ecm_remote\190315\ecm_remote\release\xdib.obj
e:\ecm_remote\ecm_remote\190315\ecm_remote\release\shadebuttonst.obj
e:\ecm_remote\ecm_remote\190315\ecm_remote\release\settingdlg.obj
e:\ecm_remote\ecm_remote\190315\ecm_remote\release\serverdlg.obj
e:\ecm_remote\ecm_remote\190315\ecm_remote\release\ecm_remotedlg.obj
e:\ecm_remote\ecm_remote\190315\ecm_remote\release\ecm_remote.obj
e:\ecm_remote\ecm_remote\190315\ecm_remote\release\ecmsearchdlg.obj
e:\ecm_remote\ecm_remote\190315\ecm_remote\release\define.obj
e:\ecm_remote\ecm_remote\190315\ecm_remote\release\btnst.obj
e:\ecm_remote\ecm_remote\190315\release\ecm_remote.exe
e:\ecm_remote\ecm_remote\190315\release\ecm_remote.pdb
e:\ecm_remote\ecm_remote\190315\ecm_remote\release\ecm_remote.res
e:\ecm_remote\ecm_remote\190315\ecm_remote\release\ecm_remote.tlog\cl.command.1.tlog
e:\ecm_remote\ecm_remote\190315\ecm_remote\release\ecm_remote.tlog\cl.read.1.tlog
e:\ecm_remote\ecm_remote\190315\ecm_remote\release\ecm_remote.tlog\cl.write.1.tlog
e:\ecm_remote\ecm_remote\190315\ecm_remote\release\ecm_remote.tlog\link.command.1.tlog
e:\ecm_remote\ecm_remote\190315\ecm_remote\release\ecm_remote.tlog\link.read.1.tlog
e:\ecm_remote\ecm_remote\190315\ecm_remote\release\ecm_remote.tlog\link.write.1.tlog
e:\ecm_remote\ecm_remote\190315\ecm_remote\release\ecm_remote.tlog\rc.command.1.tlog
e:\ecm_remote\ecm_remote\190315\ecm_remote\release\ecm_remote.tlog\rc.read.1.tlog
e:\ecm_remote\ecm_remote\190315\ecm_remote\release\ecm_remote.tlog\rc.write.1.tlog
