d:\2018\ecm_remote\ecm_client\regctrl\181018\regctrl\debug\regctrl.pch
d:\2018\ecm_remote\ecm_client\regctrl\181018\regctrl\debug\vc120.pdb
d:\2018\ecm_remote\ecm_client\regctrl\181018\regctrl\debug\vc120.idb
d:\2018\ecm_remote\ecm_client\regctrl\181018\regctrl\debug\stdafx.obj
d:\2018\ecm_remote\ecm_client\regctrl\181018\regctrl\debug\btnst.obj
d:\2018\ecm_remote\ecm_client\regctrl\181018\regctrl\debug\define.obj
d:\2018\ecm_remote\ecm_client\regctrl\181018\regctrl\debug\pictureex.obj
d:\2018\ecm_remote\ecm_client\regctrl\181018\regctrl\debug\regctrl.obj
d:\2018\ecm_remote\ecm_client\regctrl\181018\regctrl\debug\regctrldlg.obj
d:\2018\ecm_remote\ecm_client\regctrl\181018\regctrl\debug\shadebuttonst.obj
d:\2018\ecm_remote\ecm_client\regctrl\181018\regctrl\debug\treelistctrl.obj
d:\2018\ecm_remote\ecm_client\regctrl\181018\regctrl\debug\treelistwnd.obj
d:\2018\ecm_remote\ecm_client\regctrl\181018\regctrl\debug\xdib.obj
d:\2018\ecm_remote\ecm_client\regctrl\181018\debug\regctrl.ilk
d:\2018\ecm_remote\ecm_client\regctrl\181018\debug\regctrl.exe
d:\2018\ecm_remote\ecm_client\regctrl\181018\debug\regctrl.pdb
d:\2018\ecm_remote\ecm_client\regctrl\181018\regctrl\debug\regctrl.res
e:\ecm_remote\ecm_client\regctrl\190315\regctrl\debug\btnst.obj
e:\ecm_remote\ecm_client\regctrl\190315\regctrl\debug\define.obj
e:\ecm_remote\ecm_client\regctrl\190315\regctrl\debug\pictureex.obj
e:\ecm_remote\ecm_client\regctrl\190315\regctrl\debug\regctrl.obj
e:\ecm_remote\ecm_client\regctrl\190315\regctrl\debug\regctrldlg.obj
e:\ecm_remote\ecm_client\regctrl\190315\regctrl\debug\shadebuttonst.obj
e:\ecm_remote\ecm_client\regctrl\190315\regctrl\debug\stdafx.obj
e:\ecm_remote\ecm_client\regctrl\190315\regctrl\debug\treelistctrl.obj
e:\ecm_remote\ecm_client\regctrl\190315\regctrl\debug\treelistwnd.obj
e:\ecm_remote\ecm_client\regctrl\190315\regctrl\debug\xdib.obj
e:\ecm_remote\ecm_client\regctrl\190315\regctrl\debug\regctrl.res
e:\ecm_remote\ecm_client\regctrl\190315\regctrl\debug\regctrl.pch
e:\ecm_remote\ecm_client\regctrl\190315\regctrl\debug\vc120.idb
e:\ecm_remote\ecm_client\regctrl\190315\regctrl\debug\vc120.pdb
e:\ecm_remote\ecm_client\regctrl\190315\debug\regctrl.pdb
e:\ecm_remote\ecm_client\regctrl\190315\debug\regctrl.exe
e:\ecm_remote\ecm_client\regctrl\190315\debug\regctrl.ilk
e:\ecm_remote\ecm_client\regctrl\190315\regctrl\debug\regctrl.tlog\cl.command.1.tlog
e:\ecm_remote\ecm_client\regctrl\190315\regctrl\debug\regctrl.tlog\cl.read.1.tlog
e:\ecm_remote\ecm_client\regctrl\190315\regctrl\debug\regctrl.tlog\cl.write.1.tlog
e:\ecm_remote\ecm_client\regctrl\190315\regctrl\debug\regctrl.tlog\link.command.1.tlog
e:\ecm_remote\ecm_client\regctrl\190315\regctrl\debug\regctrl.tlog\link.read.1.tlog
e:\ecm_remote\ecm_client\regctrl\190315\regctrl\debug\regctrl.tlog\link.write.1.tlog
e:\ecm_remote\ecm_client\regctrl\190315\regctrl\debug\regctrl.tlog\rc.command.1.tlog
e:\ecm_remote\ecm_client\regctrl\190315\regctrl\debug\regctrl.tlog\rc.read.1.tlog
e:\ecm_remote\ecm_client\regctrl\190315\regctrl\debug\regctrl.tlog\rc.write.1.tlog
