d:\2018\ecm_remote\ecm_client\gamma\180806\gamma\release\gamma.pch
d:\2018\ecm_remote\ecm_client\gamma\180806\gamma\release\vc120.pdb
d:\2018\ecm_remote\ecm_client\gamma\180806\gamma\release\stdafx.obj
d:\2018\ecm_remote\ecm_client\gamma\180806\gamma\release\xdib.obj
d:\2018\ecm_remote\ecm_client\gamma\180806\gamma\release\shadebuttonst.obj
d:\2018\ecm_remote\ecm_client\gamma\180806\gamma\release\gammadlg.obj
d:\2018\ecm_remote\ecm_client\gamma\180806\gamma\release\gamma.obj
d:\2018\ecm_remote\ecm_client\gamma\180806\gamma\release\define.obj
d:\2018\ecm_remote\ecm_client\gamma\180806\gamma\release\btnst.obj
d:\2018\ecm_remote\ecm_client\gamma\180911\gamma\release\gamma.pch
d:\2018\ecm_remote\ecm_client\gamma\180911\gamma\release\vc120.pdb
d:\2018\ecm_remote\ecm_client\gamma\180911\gamma\release\stdafx.obj
d:\2018\ecm_remote\ecm_client\gamma\180911\gamma\release\xdib.obj
d:\2018\ecm_remote\ecm_client\gamma\180911\gamma\release\shadebuttonst.obj
d:\2018\ecm_remote\ecm_client\gamma\180911\gamma\release\gammadlg.obj
d:\2018\ecm_remote\ecm_client\gamma\180911\gamma\release\gamma.obj
d:\2018\ecm_remote\ecm_client\gamma\180911\gamma\release\define.obj
d:\2018\ecm_remote\ecm_client\gamma\180911\gamma\release\btnst.obj
d:\2018\ecm_remote\ecm_client\gamma\180806\release\gamma.exe
d:\2018\ecm_remote\ecm_client\gamma\180806\release\gamma.pdb
d:\2018\ecm_remote\ecm_client\gamma\180911\release\gamma.exe
d:\2018\ecm_remote\ecm_client\gamma\180911\release\gamma.pdb
d:\2018\ecm_remote\ecm_client\gamma\180806\gamma\release\gamma.res
d:\2018\ecm_remote\ecm_client\gamma\180911\gamma\release\gamma.res
e:\ecm_remote\ecm_client\gamma\180911\gamma\release\btnst.obj
e:\ecm_remote\ecm_client\gamma\180911\gamma\release\define.obj
e:\ecm_remote\ecm_client\gamma\180911\gamma\release\gamma.obj
e:\ecm_remote\ecm_client\gamma\180911\gamma\release\gammadlg.obj
e:\ecm_remote\ecm_client\gamma\180911\gamma\release\shadebuttonst.obj
e:\ecm_remote\ecm_client\gamma\180911\gamma\release\stdafx.obj
e:\ecm_remote\ecm_client\gamma\180911\gamma\release\xdib.obj
e:\ecm_remote\ecm_client\gamma\180911\gamma\release\gamma.res
e:\ecm_remote\ecm_client\gamma\180911\gamma\release\gamma.pch
e:\ecm_remote\ecm_client\gamma\180911\gamma\release\vc120.pdb
e:\ecm_remote\ecm_client\gamma\180911\release\gamma.pdb
e:\ecm_remote\ecm_client\gamma\180911\release\gamma.exe
e:\ecm_remote\ecm_client\gamma\180911\gamma\release\gamma.tlog\cl.command.1.tlog
e:\ecm_remote\ecm_client\gamma\180911\gamma\release\gamma.tlog\cl.read.1.tlog
e:\ecm_remote\ecm_client\gamma\180911\gamma\release\gamma.tlog\cl.write.1.tlog
e:\ecm_remote\ecm_client\gamma\180911\gamma\release\gamma.tlog\link.command.1.tlog
e:\ecm_remote\ecm_client\gamma\180911\gamma\release\gamma.tlog\link.read.1.tlog
e:\ecm_remote\ecm_client\gamma\180911\gamma\release\gamma.tlog\link.write.1.tlog
e:\ecm_remote\ecm_client\gamma\180911\gamma\release\gamma.tlog\rc.command.1.tlog
e:\ecm_remote\ecm_client\gamma\180911\gamma\release\gamma.tlog\rc.read.1.tlog
e:\ecm_remote\ecm_client\gamma\180911\gamma\release\gamma.tlog\rc.write.1.tlog
