e:\ecm_remote\ecm_client\downloader\190108\downloader\debug\downloader.pch
e:\ecm_remote\ecm_client\downloader\190108\downloader\debug\vc120.pdb
e:\ecm_remote\ecm_client\downloader\190108\downloader\debug\vc120.idb
e:\ecm_remote\ecm_client\downloader\190108\downloader\debug\stdafx.obj
e:\ecm_remote\ecm_client\downloader\190108\downloader\debug\btnst.obj
e:\ecm_remote\ecm_client\downloader\190108\downloader\debug\define.obj
e:\ecm_remote\ecm_client\downloader\190108\downloader\debug\downcompileoption673.obj
e:\ecm_remote\ecm_client\downloader\190108\downloader\debug\downdownoption673.obj
e:\ecm_remote\ecm_client\downloader\190108\downloader\debug\downloader.obj
e:\ecm_remote\ecm_client\downloader\190108\downloader\debug\downloaderdlg.obj
e:\ecm_remote\ecm_client\downloader\190108\downloader\debug\downoutput.obj
e:\ecm_remote\ecm_client\downloader\190108\downloader\debug\downsectionwrite673.obj
e:\ecm_remote\ecm_client\downloader\190108\downloader\debug\en673_configuration_generatordlg.obj
e:\ecm_remote\ecm_client\downloader\190108\downloader\debug\jtag_flash.obj
e:\ecm_remote\ecm_client\downloader\190108\downloader\debug\peripheraldlg.obj
e:\ecm_remote\ecm_client\downloader\190108\downloader\debug\shadebuttonst.obj
e:\ecm_remote\ecm_client\downloader\190108\downloader\debug\spidlg.obj
e:\ecm_remote\ecm_client\downloader\190108\downloader\debug\xdib.obj
e:\ecm_remote\ecm_client\downloader\190118\downloader\debug\downloader.pch
e:\ecm_remote\ecm_client\downloader\190118\downloader\debug\vc120.pdb
e:\ecm_remote\ecm_client\downloader\190118\downloader\debug\vc120.idb
e:\ecm_remote\ecm_client\downloader\190118\downloader\debug\stdafx.obj
e:\ecm_remote\ecm_client\downloader\190118\downloader\debug\btnst.obj
e:\ecm_remote\ecm_client\downloader\190118\downloader\debug\define.obj
e:\ecm_remote\ecm_client\downloader\190118\downloader\debug\downcompileoption673.obj
e:\ecm_remote\ecm_client\downloader\190118\downloader\debug\downdownoption673.obj
e:\ecm_remote\ecm_client\downloader\190118\downloader\debug\downloader.obj
e:\ecm_remote\ecm_client\downloader\190118\downloader\debug\downloaderdlg.obj
e:\ecm_remote\ecm_client\downloader\190118\downloader\debug\downoutput.obj
e:\ecm_remote\ecm_client\downloader\190118\downloader\debug\downsectionwrite673.obj
e:\ecm_remote\ecm_client\downloader\190118\downloader\debug\en673_configuration_generatordlg.obj
e:\ecm_remote\ecm_client\downloader\190118\downloader\debug\jtag_flash.obj
e:\ecm_remote\ecm_client\downloader\190118\downloader\debug\peripheraldlg.obj
e:\ecm_remote\ecm_client\downloader\190118\downloader\debug\shadebuttonst.obj
e:\ecm_remote\ecm_client\downloader\190118\downloader\debug\spidlg.obj
e:\ecm_remote\ecm_client\downloader\190118\downloader\debug\xdib.obj
e:\ecm_remote\ecm_client\downloader\190211\downloader\debug\downloader.pch
e:\ecm_remote\ecm_client\downloader\190211\downloader\debug\vc120.pdb
e:\ecm_remote\ecm_client\downloader\190211\downloader\debug\vc120.idb
e:\ecm_remote\ecm_client\downloader\190211\downloader\debug\stdafx.obj
e:\ecm_remote\ecm_client\downloader\190211\downloader\debug\btnst.obj
e:\ecm_remote\ecm_client\downloader\190211\downloader\debug\define.obj
e:\ecm_remote\ecm_client\downloader\190211\downloader\debug\downcompileoption673.obj
e:\ecm_remote\ecm_client\downloader\190211\downloader\debug\downdownoption673.obj
e:\ecm_remote\ecm_client\downloader\190211\downloader\debug\downloader.obj
e:\ecm_remote\ecm_client\downloader\190211\downloader\debug\downloaderdlg.obj
e:\ecm_remote\ecm_client\downloader\190211\downloader\debug\downoutput.obj
e:\ecm_remote\ecm_client\downloader\190211\downloader\debug\downsectionwrite673.obj
e:\ecm_remote\ecm_client\downloader\190211\downloader\debug\en673_configuration_generatordlg.obj
e:\ecm_remote\ecm_client\downloader\190211\downloader\debug\jtag_flash.obj
e:\ecm_remote\ecm_client\downloader\190211\downloader\debug\peripheraldlg.obj
e:\ecm_remote\ecm_client\downloader\190211\downloader\debug\shadebuttonst.obj
e:\ecm_remote\ecm_client\downloader\190211\downloader\debug\spidlg.obj
e:\ecm_remote\ecm_client\downloader\190211\downloader\debug\xdib.obj
e:\ecm_remote\ecm_client\downloader\190108\debug\downloader.ilk
e:\ecm_remote\ecm_client\downloader\190108\debug\downloader.exe
e:\ecm_remote\ecm_client\downloader\190108\debug\downloader.pdb
e:\ecm_remote\ecm_client\downloader\190118\debug\downloader.ilk
e:\ecm_remote\ecm_client\downloader\190118\debug\downloader.exe
e:\ecm_remote\ecm_client\downloader\190118\debug\downloader.pdb
e:\ecm_remote\ecm_client\downloader\190211\debug\downloader.ilk
e:\ecm_remote\ecm_client\downloader\190211\debug\downloader.exe
e:\ecm_remote\ecm_client\downloader\190211\debug\downloader.pdb
e:\ecm_remote\ecm_client\downloader\190108\downloader\debug\downloader.res
e:\ecm_remote\ecm_client\downloader\190118\downloader\debug\downloader.res
e:\ecm_remote\ecm_client\downloader\190211\downloader\debug\downloader.res
e:\ecm_remote\ecm_client\downloader\190211\downloader\debug\downloader.tlog\cl.command.1.tlog
e:\ecm_remote\ecm_client\downloader\190211\downloader\debug\downloader.tlog\cl.read.1.tlog
e:\ecm_remote\ecm_client\downloader\190211\downloader\debug\downloader.tlog\cl.write.1.tlog
e:\ecm_remote\ecm_client\downloader\190211\downloader\debug\downloader.tlog\link.command.1.tlog
e:\ecm_remote\ecm_client\downloader\190211\downloader\debug\downloader.tlog\link.read.1.tlog
e:\ecm_remote\ecm_client\downloader\190211\downloader\debug\downloader.tlog\link.write.1.tlog
e:\ecm_remote\ecm_client\downloader\190211\downloader\debug\downloader.tlog\rc.command.1.tlog
e:\ecm_remote\ecm_client\downloader\190211\downloader\debug\downloader.tlog\rc.read.1.tlog
e:\ecm_remote\ecm_client\downloader\190211\downloader\debug\downloader.tlog\rc.write.1.tlog
