d:\2018\ecm_remote\ecm_client\parameter\180911\parameter\release\parameter.pch
d:\2018\ecm_remote\ecm_client\parameter\180911\parameter\release\vc120.pdb
d:\2018\ecm_remote\ecm_client\parameter\180911\parameter\release\stdafx.obj
d:\2018\ecm_remote\ecm_client\parameter\180911\parameter\release\xdib.obj
d:\2018\ecm_remote\ecm_client\parameter\180911\parameter\release\treelistwnd.obj
d:\2018\ecm_remote\ecm_client\parameter\180911\parameter\release\treelistctrl.obj
d:\2018\ecm_remote\ecm_client\parameter\180911\parameter\release\shadebuttonst.obj
d:\2018\ecm_remote\ecm_client\parameter\180911\parameter\release\pictureex.obj
d:\2018\ecm_remote\ecm_client\parameter\180911\parameter\release\parameterdlg.obj
d:\2018\ecm_remote\ecm_client\parameter\180911\parameter\release\parameter.obj
d:\2018\ecm_remote\ecm_client\parameter\180911\parameter\release\define.obj
d:\2018\ecm_remote\ecm_client\parameter\180911\parameter\release\btnst.obj
d:\2018\ecm_remote\ecm_client\parameter\181018\parameter\release\parameter.pch
d:\2018\ecm_remote\ecm_client\parameter\181018\parameter\release\vc120.pdb
d:\2018\ecm_remote\ecm_client\parameter\181018\parameter\release\stdafx.obj
d:\2018\ecm_remote\ecm_client\parameter\181018\parameter\release\xdib.obj
d:\2018\ecm_remote\ecm_client\parameter\181018\parameter\release\treelistwnd.obj
d:\2018\ecm_remote\ecm_client\parameter\181018\parameter\release\treelistctrl.obj
d:\2018\ecm_remote\ecm_client\parameter\181018\parameter\release\shadebuttonst.obj
d:\2018\ecm_remote\ecm_client\parameter\181018\parameter\release\pictureex.obj
d:\2018\ecm_remote\ecm_client\parameter\181018\parameter\release\parameterdlg.obj
d:\2018\ecm_remote\ecm_client\parameter\181018\parameter\release\parameter.obj
d:\2018\ecm_remote\ecm_client\parameter\181018\parameter\release\define.obj
d:\2018\ecm_remote\ecm_client\parameter\181018\parameter\release\btnst.obj
e:\ecm_remote\ecm_client\parameter\181018\parameter\release\parameter.pch
e:\ecm_remote\ecm_client\parameter\181018\parameter\release\vc120.pdb
e:\ecm_remote\ecm_client\parameter\181018\parameter\release\stdafx.obj
e:\ecm_remote\ecm_client\parameter\181018\parameter\release\xdib.obj
e:\ecm_remote\ecm_client\parameter\181018\parameter\release\treelistwnd.obj
e:\ecm_remote\ecm_client\parameter\181018\parameter\release\treelistctrl.obj
e:\ecm_remote\ecm_client\parameter\181018\parameter\release\shadebuttonst.obj
e:\ecm_remote\ecm_client\parameter\181018\parameter\release\pictureex.obj
e:\ecm_remote\ecm_client\parameter\181018\parameter\release\parameterdlg.obj
e:\ecm_remote\ecm_client\parameter\181018\parameter\release\parameter.obj
e:\ecm_remote\ecm_client\parameter\181018\parameter\release\define.obj
e:\ecm_remote\ecm_client\parameter\181018\parameter\release\btnst.obj
d:\2018\ecm_remote\ecm_client\parameter\180911\release\parameter.exe
d:\2018\ecm_remote\ecm_client\parameter\180911\release\parameter.pdb
d:\2018\ecm_remote\ecm_client\parameter\181018\release\parameter.exe
d:\2018\ecm_remote\ecm_client\parameter\181018\release\parameter.pdb
e:\ecm_remote\ecm_client\parameter\181018\release\parameter.exe
e:\ecm_remote\ecm_client\parameter\181018\release\parameter.pdb
d:\2018\ecm_remote\ecm_client\parameter\180911\parameter\release\parameter.res
d:\2018\ecm_remote\ecm_client\parameter\181018\parameter\release\parameter.res
e:\ecm_remote\ecm_client\parameter\181018\parameter\release\parameter.res
e:\ecm_remote\ecm_client\parameter\181018\parameter\release\parameter.tlog\cl.command.1.tlog
e:\ecm_remote\ecm_client\parameter\181018\parameter\release\parameter.tlog\cl.read.1.tlog
e:\ecm_remote\ecm_client\parameter\181018\parameter\release\parameter.tlog\cl.write.1.tlog
e:\ecm_remote\ecm_client\parameter\181018\parameter\release\parameter.tlog\link.command.1.tlog
e:\ecm_remote\ecm_client\parameter\181018\parameter\release\parameter.tlog\link.read.1.tlog
e:\ecm_remote\ecm_client\parameter\181018\parameter\release\parameter.tlog\link.write.1.tlog
e:\ecm_remote\ecm_client\parameter\181018\parameter\release\parameter.tlog\rc.command.1.tlog
e:\ecm_remote\ecm_client\parameter\181018\parameter\release\parameter.tlog\rc.read.1.tlog
e:\ecm_remote\ecm_client\parameter\181018\parameter\release\parameter.tlog\rc.write.1.tlog
