d:\2018\ecm_모듈화\ecm_모듈\uartstring\180703\uartstring\release\uartstring.pch
d:\2018\ecm_모듈화\ecm_모듈\uartstring\180703\uartstring\release\vc120.pdb
d:\2018\ecm_모듈화\ecm_모듈\uartstring\180703\uartstring\release\stdafx.obj
d:\2018\ecm_모듈화\ecm_모듈\uartstring\180703\uartstring\release\xdib.obj
d:\2018\ecm_모듈화\ecm_모듈\uartstring\180703\uartstring\release\uartstringdlg.obj
d:\2018\ecm_모듈화\ecm_모듈\uartstring\180703\uartstring\release\uartstringcmdlogdlg.obj
d:\2018\ecm_모듈화\ecm_모듈\uartstring\180703\uartstring\release\uartstring.obj
d:\2018\ecm_모듈화\ecm_모듈\uartstring\180703\uartstring\release\shadebuttonst.obj
d:\2018\ecm_모듈화\ecm_모듈\uartstring\180703\uartstring\release\define.obj
d:\2018\ecm_모듈화\ecm_모듈\uartstring\180703\uartstring\release\commthread.obj
d:\2018\ecm_모듈화\ecm_모듈\uartstring\180703\uartstring\release\btnst.obj
d:\2018\ecm_모듈화\ecm_모듈\uartstring\180703\release\uartstring.exe
d:\2018\ecm_모듈화\ecm_모듈\uartstring\180703\release\uartstring.pdb
d:\2018\ecm_모듈화\ecm_모듈\uartstring\180703\uartstring\release\uartstring.res
d:\2018\ecm_모듈화\ecm_모듈\uartstring\180704\uartstring\release\btnst.obj
d:\2018\ecm_모듈화\ecm_모듈\uartstring\180704\uartstring\release\commthread.obj
d:\2018\ecm_모듈화\ecm_모듈\uartstring\180704\uartstring\release\define.obj
d:\2018\ecm_모듈화\ecm_모듈\uartstring\180704\uartstring\release\shadebuttonst.obj
d:\2018\ecm_모듈화\ecm_모듈\uartstring\180704\uartstring\release\stdafx.obj
d:\2018\ecm_모듈화\ecm_모듈\uartstring\180704\uartstring\release\uartstring.obj
d:\2018\ecm_모듈화\ecm_모듈\uartstring\180704\uartstring\release\uartstringcmdlogdlg.obj
d:\2018\ecm_모듈화\ecm_모듈\uartstring\180704\uartstring\release\uartstringdlg.obj
d:\2018\ecm_모듈화\ecm_모듈\uartstring\180704\uartstring\release\xdib.obj
d:\2018\ecm_모듈화\ecm_모듈\uartstring\180704\uartstring\release\uartstring.res
d:\2018\ecm_모듈화\ecm_모듈\uartstring\180704\uartstring\release\uartstring.pch
d:\2018\ecm_모듈화\ecm_모듈\uartstring\180704\uartstring\release\vc120.pdb
d:\2018\ecm_모듈화\ecm_모듈\uartstring\180704\release\uartstring.pdb
d:\2018\ecm_모듈화\ecm_모듈\uartstring\180704\release\uartstring.exe
d:\2018\ecm_모듈화\ecm_모듈\uartstring\180704\uartstring\release\uartstring.tlog\cl.command.1.tlog
d:\2018\ecm_모듈화\ecm_모듈\uartstring\180704\uartstring\release\uartstring.tlog\cl.read.1.tlog
d:\2018\ecm_모듈화\ecm_모듈\uartstring\180704\uartstring\release\uartstring.tlog\cl.write.1.tlog
d:\2018\ecm_모듈화\ecm_모듈\uartstring\180704\uartstring\release\uartstring.tlog\link.command.1.tlog
d:\2018\ecm_모듈화\ecm_모듈\uartstring\180704\uartstring\release\uartstring.tlog\link.read.1.tlog
d:\2018\ecm_모듈화\ecm_모듈\uartstring\180704\uartstring\release\uartstring.tlog\link.write.1.tlog
d:\2018\ecm_모듈화\ecm_모듈\uartstring\180704\uartstring\release\uartstring.tlog\rc.command.1.tlog
d:\2018\ecm_모듈화\ecm_모듈\uartstring\180704\uartstring\release\uartstring.tlog\rc.read.1.tlog
d:\2018\ecm_모듈화\ecm_모듈\uartstring\180704\uartstring\release\uartstring.tlog\rc.write.1.tlog
