d:\2018\ecm_remote\ecm_client\analyze\181017\analyze\debug\analyze.pch
d:\2018\ecm_remote\ecm_client\analyze\181017\analyze\debug\vc120.pdb
d:\2018\ecm_remote\ecm_client\analyze\181017\analyze\debug\vc120.idb
d:\2018\ecm_remote\ecm_client\analyze\181017\analyze\debug\stdafx.obj
d:\2018\ecm_remote\ecm_client\analyze\181017\analyze\debug\analyze.obj
d:\2018\ecm_remote\ecm_client\analyze\181017\analyze\debug\analyzedlg.obj
d:\2018\ecm_remote\ecm_client\analyze\181017\analyze\debug\analyzesourceimage.obj
d:\2018\ecm_remote\ecm_client\analyze\181017\analyze\debug\btnst.obj
d:\2018\ecm_remote\ecm_client\analyze\181017\analyze\debug\net_command.obj
d:\2018\ecm_remote\ecm_client\analyze\181017\analyze\debug\shadebuttonst.obj
d:\2018\ecm_remote\ecm_client\analyze\181017\analyze\debug\waveformimgoperation.obj
d:\2018\ecm_remote\ecm_client\analyze\181017\analyze\debug\xdib.obj
d:\2018\ecm_remote\ecm_client\analyze\181017\debug\analyze.ilk
d:\2018\ecm_remote\ecm_client\analyze\181017\debug\analyze.exe
d:\2018\ecm_remote\ecm_client\analyze\181017\debug\analyze.pdb
d:\2018\ecm_remote\ecm_client\analyze\181017\analyze\debug\analyze.res
e:\ecm_remote\ecm_client\analyze\181017\analyze\debug\analyze.obj
e:\ecm_remote\ecm_client\analyze\181017\analyze\debug\analyzedlg.obj
e:\ecm_remote\ecm_client\analyze\181017\analyze\debug\analyzesourceimage.obj
e:\ecm_remote\ecm_client\analyze\181017\analyze\debug\btnst.obj
e:\ecm_remote\ecm_client\analyze\181017\analyze\debug\net_command.obj
e:\ecm_remote\ecm_client\analyze\181017\analyze\debug\shadebuttonst.obj
e:\ecm_remote\ecm_client\analyze\181017\analyze\debug\stdafx.obj
e:\ecm_remote\ecm_client\analyze\181017\analyze\debug\waveformimgoperation.obj
e:\ecm_remote\ecm_client\analyze\181017\analyze\debug\xdib.obj
e:\ecm_remote\ecm_client\analyze\181017\analyze\debug\analyze.res
e:\ecm_remote\ecm_client\analyze\181017\analyze\debug\analyze.pch
e:\ecm_remote\ecm_client\analyze\181017\analyze\debug\vc120.idb
e:\ecm_remote\ecm_client\analyze\181017\analyze\debug\vc120.pdb
e:\ecm_remote\ecm_client\analyze\181017\debug\analyze.pdb
e:\ecm_remote\ecm_client\analyze\181017\debug\analyze.exe
e:\ecm_remote\ecm_client\analyze\181017\debug\analyze.ilk
e:\ecm_remote\ecm_client\analyze\181017\analyze\debug\analyze.tlog\cl.command.1.tlog
e:\ecm_remote\ecm_client\analyze\181017\analyze\debug\analyze.tlog\cl.read.1.tlog
e:\ecm_remote\ecm_client\analyze\181017\analyze\debug\analyze.tlog\cl.write.1.tlog
e:\ecm_remote\ecm_client\analyze\181017\analyze\debug\analyze.tlog\link.command.1.tlog
e:\ecm_remote\ecm_client\analyze\181017\analyze\debug\analyze.tlog\link.read.1.tlog
e:\ecm_remote\ecm_client\analyze\181017\analyze\debug\analyze.tlog\link.write.1.tlog
e:\ecm_remote\ecm_client\analyze\181017\analyze\debug\analyze.tlog\rc.command.1.tlog
e:\ecm_remote\ecm_client\analyze\181017\analyze\debug\analyze.tlog\rc.read.1.tlog
e:\ecm_remote\ecm_client\analyze\181017\analyze\debug\analyze.tlog\rc.write.1.tlog
