빌드 시작: 2019-03-20 오전 10:15:13
     1>2 노드의 "E:\ECM_Remote\ECM_client\Colormap\190320\Colormap\Colormap.vcxproj" 프로젝트(Build 대상)입니다.
     1>ClCompile:
         C:\Program Files (x86)\Microsoft Visual Studio 12.0\VC\bin\CL.exe /c /I..\Colormap\Colormap\lib /I"C:\Program Files (x86)\Visual Leak Detector\include" /Zi /nologo /W3 /WX- /sdl /O2 /Oi /Oy- /GL /D WIN32 /D _WINDOWS /D _CRT_SECURE_NO_WARNINGS /D NDEBUG /D _UNICODE /D UNICODE /D _AFXDLL /Gm- /EHsc /MD /GS /Gy /fp:precise /Zc:wchar_t /Zc:forScope /Yc"stdafx.h" /Fp"Release\Colormap.pch" /Fo"Release\\" /Fd"Release\vc120.pdb" /Gd /TP /analyze- /errorReport:prompt stdafx.cpp
         stdafx.cpp
         C:\Program Files (x86)\Microsoft Visual Studio 12.0\VC\bin\CL.exe /c /I..\Colormap\Colormap\lib /I"C:\Program Files (x86)\Visual Leak Detector\include" /Zi /nologo /W3 /WX- /sdl /O2 /Oi /Oy- /GL /D WIN32 /D _WINDOWS /D _CRT_SECURE_NO_WARNINGS /D NDEBUG /D _UNICODE /D UNICODE /D _AFXDLL /Gm- /EHsc /MD /GS /Gy /fp:precise /Zc:wchar_t /Zc:forScope /Yu"stdafx.h" /Fp"Release\Colormap.pch" /Fo"Release\\" /Fd"Release\vc120.pdb" /Gd /TP /analyze- /errorReport:prompt BtnST.cpp Colormap.cpp ColormapDlg.cpp Define.cpp ShadeButtonST.cpp xDib.cpp
         BtnST.cpp
         Colormap.cpp
         ColormapDlg.cpp
     1>ColormapDlg.cpp(546): warning C4244: '인수' : 'float'에서 'int'(으)로 변환하면서 데이터가 손실될 수 있습니다.
     1>ColormapDlg.cpp(551): warning C4244: '인수' : 'float'에서 'int'(으)로 변환하면서 데이터가 손실될 수 있습니다.
     1>ColormapDlg.cpp(809): warning C4102: 'END' : 참조되지 않은 레이블입니다.
     1>ColormapDlg.cpp(2062): warning C4554: '|' : 연산자 우선 순위에 오류가 있는지 확인하십시오. 괄호를 사용하여 우선 순위를 명확하게 지정하십시오.
     1>ColormapDlg.cpp(2067): warning C4554: '|' : 연산자 우선 순위에 오류가 있는지 확인하십시오. 괄호를 사용하여 우선 순위를 명확하게 지정하십시오.
     1>ColormapDlg.cpp(2099): warning C4554: '|' : 연산자 우선 순위에 오류가 있는지 확인하십시오. 괄호를 사용하여 우선 순위를 명확하게 지정하십시오.
     1>ColormapDlg.cpp(2105): warning C4554: '|' : 연산자 우선 순위에 오류가 있는지 확인하십시오. 괄호를 사용하여 우선 순위를 명확하게 지정하십시오.
         Define.cpp
         ShadeButtonST.cpp
         xDib.cpp
       ResourceCompile:
         C:\Program Files (x86)\Windows Kits\8.1\bin\x86\rc.exe /D NDEBUG /D _UNICODE /D UNICODE /D _AFXDLL /l"0x0412" /IRelease\ /nologo /fo"Release\Colormap.res" Colormap.rc 
       Link:
         C:\Program Files (x86)\Microsoft Visual Studio 12.0\VC\bin\link.exe /ERRORREPORT:PROMPT /OUT:"E:\ECM_Remote\ECM_client\Colormap\190320\Release\Colormap.exe" /INCREMENTAL:NO /NOLOGO /LIBPATH:..\Colormap\lib /LIBPATH:"C:\Program Files (x86)\Visual Leak Detector\lib\Win32" CLI.lib /MANIFEST /MANIFESTUAC:"level='asInvoker' uiAccess='false'" /manifest:embed /DEBUG /PDB:"E:\ECM_Remote\ECM_client\Colormap\190320\Release\Colormap.pdb" /SUBSYSTEM:WINDOWS /OPT:REF /OPT:ICF /LTCG /TLBID:1 /ENTRY:"wWinMainCRTStartup" /DYNAMICBASE /NXCOMPAT /IMPLIB:"E:\ECM_Remote\ECM_client\Colormap\190320\Release\Colormap.lib" /MACHINE:X86 /PROFILE /SAFESEH Release\Colormap.res
         Release\BtnST.obj
         Release\Colormap.obj
         Release\ColormapDlg.obj
         Release\Define.obj
         Release\ShadeButtonST.obj
         Release\stdafx.obj
         Release\xDib.obj
         코드를 생성하고 있습니다.
         코드를 생성했습니다.
         Colormap.vcxproj -> E:\ECM_Remote\ECM_client\Colormap\190320\Release\Colormap.exe
     1>"E:\ECM_Remote\ECM_client\Colormap\190320\Colormap\Colormap.vcxproj" 프로젝트를 빌드했습니다(Build 대상).

빌드했습니다.

경과 시간: 00:00:05.06
