d:\2018\ecm_remote\ecm_client\colormap\180806\colormap\release\vc120.pdb
d:\2018\ecm_remote\ecm_client\colormap\180911\colormap\release\colormap.pch
d:\2018\ecm_remote\ecm_client\colormap\180911\colormap\release\vc120.pdb
d:\2018\ecm_remote\ecm_client\colormap\180911\colormap\release\stdafx.obj
d:\2018\ecm_remote\ecm_client\colormap\180911\colormap\release\xdib.obj
d:\2018\ecm_remote\ecm_client\colormap\180911\colormap\release\shadebuttonst.obj
d:\2018\ecm_remote\ecm_client\colormap\180911\colormap\release\define.obj
d:\2018\ecm_remote\ecm_client\colormap\180911\colormap\release\colormapdlg.obj
d:\2018\ecm_remote\ecm_client\colormap\180911\colormap\release\colormap.obj
d:\2018\ecm_remote\ecm_client\colormap\180911\colormap\release\btnst.obj
d:\2018\ecm_remote\ecm_client\colormap\180806\release\colormap.exe
d:\2018\ecm_remote\ecm_client\colormap\180806\release\colormap.pdb
d:\2018\ecm_remote\ecm_client\colormap\180911\release\colormap.exe
d:\2018\ecm_remote\ecm_client\colormap\180911\release\colormap.pdb
d:\2018\ecm_remote\ecm_client\colormap\180911\colormap\release\colormap.res
e:\ecm_remote\ecm_client\colormap\190320\colormap\release\btnst.obj
e:\ecm_remote\ecm_client\colormap\190320\colormap\release\colormap.obj
e:\ecm_remote\ecm_client\colormap\190320\colormap\release\colormapdlg.obj
e:\ecm_remote\ecm_client\colormap\190320\colormap\release\define.obj
e:\ecm_remote\ecm_client\colormap\190320\colormap\release\shadebuttonst.obj
e:\ecm_remote\ecm_client\colormap\190320\colormap\release\stdafx.obj
e:\ecm_remote\ecm_client\colormap\190320\colormap\release\xdib.obj
e:\ecm_remote\ecm_client\colormap\190320\colormap\release\colormap.res
e:\ecm_remote\ecm_client\colormap\190320\colormap\release\colormap.pch
e:\ecm_remote\ecm_client\colormap\190320\colormap\release\vc120.pdb
e:\ecm_remote\ecm_client\colormap\190320\release\colormap.pdb
e:\ecm_remote\ecm_client\colormap\190320\release\colormap.exe
e:\ecm_remote\ecm_client\colormap\190320\colormap\release\colormap.tlog\cl.command.1.tlog
e:\ecm_remote\ecm_client\colormap\190320\colormap\release\colormap.tlog\cl.read.1.tlog
e:\ecm_remote\ecm_client\colormap\190320\colormap\release\colormap.tlog\cl.write.1.tlog
e:\ecm_remote\ecm_client\colormap\190320\colormap\release\colormap.tlog\link.command.1.tlog
e:\ecm_remote\ecm_client\colormap\190320\colormap\release\colormap.tlog\link.read.1.tlog
e:\ecm_remote\ecm_client\colormap\190320\colormap\release\colormap.tlog\link.write.1.tlog
e:\ecm_remote\ecm_client\colormap\190320\colormap\release\colormap.tlog\rc.command.1.tlog
e:\ecm_remote\ecm_client\colormap\190320\colormap\release\colormap.tlog\rc.read.1.tlog
e:\ecm_remote\ecm_client\colormap\190320\colormap\release\colormap.tlog\rc.write.1.tlog
