e:\ecm_remote\ecm_client\jtagdebugger\190318\jtagdebugger\release\jtagdebugger.pch
e:\ecm_remote\ecm_client\jtagdebugger\190318\jtagdebugger\release\vc120.pdb
e:\ecm_remote\ecm_client\jtagdebugger\190318\jtagdebugger\release\stdafx.obj
e:\ecm_remote\ecm_client\jtagdebugger\190318\jtagdebugger\release\xdib.obj
e:\ecm_remote\ecm_client\jtagdebugger\190318\jtagdebugger\release\shadebuttonst.obj
e:\ecm_remote\ecm_client\jtagdebugger\190318\jtagdebugger\release\jtag_flash.obj
e:\ecm_remote\ecm_client\jtagdebugger\190318\jtagdebugger\release\jtagdebuggerdlg.obj
e:\ecm_remote\ecm_client\jtagdebugger\190318\jtagdebugger\release\jtagdebugger.obj
e:\ecm_remote\ecm_client\jtagdebugger\190318\jtagdebugger\release\define.obj
e:\ecm_remote\ecm_client\jtagdebugger\190318\jtagdebugger\release\btnst.obj
e:\ecm_remote\ecm_client\jtagdebugger\190318\release\jtagdebugger.exe
e:\ecm_remote\ecm_client\jtagdebugger\190318\release\jtagdebugger.pdb
e:\ecm_remote\ecm_client\jtagdebugger\190318\jtagdebugger\release\jtagdebugger.res
e:\ecm_remote\ecm_client\jtagdebugger\190318\jtagdebugger\release\jtagdebugger.tlog\cl.command.1.tlog
e:\ecm_remote\ecm_client\jtagdebugger\190318\jtagdebugger\release\jtagdebugger.tlog\cl.read.1.tlog
e:\ecm_remote\ecm_client\jtagdebugger\190318\jtagdebugger\release\jtagdebugger.tlog\cl.write.1.tlog
e:\ecm_remote\ecm_client\jtagdebugger\190318\jtagdebugger\release\jtagdebugger.tlog\link.command.1.tlog
e:\ecm_remote\ecm_client\jtagdebugger\190318\jtagdebugger\release\jtagdebugger.tlog\link.read.1.tlog
e:\ecm_remote\ecm_client\jtagdebugger\190318\jtagdebugger\release\jtagdebugger.tlog\link.write.1.tlog
e:\ecm_remote\ecm_client\jtagdebugger\190318\jtagdebugger\release\jtagdebugger.tlog\rc.command.1.tlog
e:\ecm_remote\ecm_client\jtagdebugger\190318\jtagdebugger\release\jtagdebugger.tlog\rc.read.1.tlog
e:\ecm_remote\ecm_client\jtagdebugger\190318\jtagdebugger\release\jtagdebugger.tlog\rc.write.1.tlog
