d:\2018\ecm_remote\ecm_client\parameter\180821\parameter\debug\parameter.pch
d:\2018\ecm_remote\ecm_client\parameter\180821\parameter\debug\vc120.pdb
d:\2018\ecm_remote\ecm_client\parameter\180821\parameter\debug\vc120.idb
d:\2018\ecm_remote\ecm_client\parameter\180821\parameter\debug\stdafx.obj
d:\2018\ecm_remote\ecm_client\parameter\180821\parameter\debug\btnst.obj
d:\2018\ecm_remote\ecm_client\parameter\180821\parameter\debug\define.obj
d:\2018\ecm_remote\ecm_client\parameter\180821\parameter\debug\parameter.obj
d:\2018\ecm_remote\ecm_client\parameter\180821\parameter\debug\parameterdlg.obj
d:\2018\ecm_remote\ecm_client\parameter\180821\parameter\debug\pictureex.obj
d:\2018\ecm_remote\ecm_client\parameter\180821\parameter\debug\shadebuttonst.obj
d:\2018\ecm_remote\ecm_client\parameter\180821\parameter\debug\treelistctrl.obj
d:\2018\ecm_remote\ecm_client\parameter\180821\parameter\debug\treelistwnd.obj
d:\2018\ecm_remote\ecm_client\parameter\180821\parameter\debug\xdib.obj
d:\2018\ecm_remote\ecm_client\parameter\180911\parameter\debug\parameter.pch
d:\2018\ecm_remote\ecm_client\parameter\180911\parameter\debug\vc120.pdb
d:\2018\ecm_remote\ecm_client\parameter\180911\parameter\debug\vc120.idb
d:\2018\ecm_remote\ecm_client\parameter\180911\parameter\debug\stdafx.obj
d:\2018\ecm_remote\ecm_client\parameter\180911\parameter\debug\btnst.obj
d:\2018\ecm_remote\ecm_client\parameter\180911\parameter\debug\define.obj
d:\2018\ecm_remote\ecm_client\parameter\180911\parameter\debug\parameter.obj
d:\2018\ecm_remote\ecm_client\parameter\180911\parameter\debug\parameterdlg.obj
d:\2018\ecm_remote\ecm_client\parameter\180911\parameter\debug\pictureex.obj
d:\2018\ecm_remote\ecm_client\parameter\180911\parameter\debug\shadebuttonst.obj
d:\2018\ecm_remote\ecm_client\parameter\180911\parameter\debug\treelistctrl.obj
d:\2018\ecm_remote\ecm_client\parameter\180911\parameter\debug\treelistwnd.obj
d:\2018\ecm_remote\ecm_client\parameter\180911\parameter\debug\xdib.obj
d:\2018\ecm_remote\ecm_client\parameter\181018\parameter\debug\parameter.pch
d:\2018\ecm_remote\ecm_client\parameter\181018\parameter\debug\vc120.pdb
d:\2018\ecm_remote\ecm_client\parameter\181018\parameter\debug\vc120.idb
d:\2018\ecm_remote\ecm_client\parameter\181018\parameter\debug\stdafx.obj
d:\2018\ecm_remote\ecm_client\parameter\180821\debug\parameter.ilk
d:\2018\ecm_remote\ecm_client\parameter\180821\debug\parameter.exe
d:\2018\ecm_remote\ecm_client\parameter\180821\debug\parameter.pdb
d:\2018\ecm_remote\ecm_client\parameter\180911\debug\parameter.ilk
d:\2018\ecm_remote\ecm_client\parameter\180911\debug\parameter.exe
d:\2018\ecm_remote\ecm_client\parameter\180911\debug\parameter.pdb
d:\2018\ecm_remote\ecm_client\parameter\180821\parameter\debug\parameter.res
d:\2018\ecm_remote\ecm_client\parameter\180911\parameter\debug\parameter.res
e:\ecm_remote\ecm_client\parameter\181018\parameter\debug\btnst.obj
e:\ecm_remote\ecm_client\parameter\181018\parameter\debug\define.obj
e:\ecm_remote\ecm_client\parameter\181018\parameter\debug\parameter.obj
e:\ecm_remote\ecm_client\parameter\181018\parameter\debug\parameterdlg.obj
e:\ecm_remote\ecm_client\parameter\181018\parameter\debug\pictureex.obj
e:\ecm_remote\ecm_client\parameter\181018\parameter\debug\shadebuttonst.obj
e:\ecm_remote\ecm_client\parameter\181018\parameter\debug\stdafx.obj
e:\ecm_remote\ecm_client\parameter\181018\parameter\debug\treelistctrl.obj
e:\ecm_remote\ecm_client\parameter\181018\parameter\debug\treelistwnd.obj
e:\ecm_remote\ecm_client\parameter\181018\parameter\debug\parameter.res
e:\ecm_remote\ecm_client\parameter\181018\parameter\debug\parameter.pch
e:\ecm_remote\ecm_client\parameter\181018\parameter\debug\vc120.idb
e:\ecm_remote\ecm_client\parameter\181018\parameter\debug\vc120.pdb
e:\ecm_remote\ecm_client\parameter\181018\debug\parameter.pdb
e:\ecm_remote\ecm_client\parameter\181018\debug\parameter.exe
e:\ecm_remote\ecm_client\parameter\181018\debug\parameter.ilk
e:\ecm_remote\ecm_client\parameter\181018\parameter\debug\parameter.tlog\cl.command.1.tlog
e:\ecm_remote\ecm_client\parameter\181018\parameter\debug\parameter.tlog\cl.read.1.tlog
e:\ecm_remote\ecm_client\parameter\181018\parameter\debug\parameter.tlog\cl.write.1.tlog
e:\ecm_remote\ecm_client\parameter\181018\parameter\debug\parameter.tlog\link.command.1.tlog
e:\ecm_remote\ecm_client\parameter\181018\parameter\debug\parameter.tlog\link.read.1.tlog
e:\ecm_remote\ecm_client\parameter\181018\parameter\debug\parameter.tlog\link.write.1.tlog
e:\ecm_remote\ecm_client\parameter\181018\parameter\debug\parameter.tlog\rc.command.1.tlog
e:\ecm_remote\ecm_client\parameter\181018\parameter\debug\parameter.tlog\rc.read.1.tlog
e:\ecm_remote\ecm_client\parameter\181018\parameter\debug\parameter.tlog\rc.write.1.tlog
