d:\2018\ecm_모듈화\ecm_모듈\downloader\180809\downloader\release\downloader.pch
d:\2018\ecm_모듈화\ecm_모듈\downloader\180809\downloader\release\vc120.pdb
d:\2018\ecm_모듈화\ecm_모듈\downloader\180809\downloader\release\stdafx.obj
d:\2018\ecm_모듈화\ecm_모듈\downloader\180809\downloader\release\jtag_flash.obj
d:\2018\ecm_모듈화\ecm_모듈\downloader\180809\downloader\release\spidlg.obj
d:\2018\ecm_모듈화\ecm_모듈\downloader\180809\downloader\release\peripheraldlg.obj
d:\2018\ecm_모듈화\ecm_모듈\downloader\180809\downloader\release\en673_configuration_generatordlg.obj
d:\2018\ecm_모듈화\ecm_모듈\downloader\180809\downloader\release\downloaderdlg.obj
d:\2018\ecm_모듈화\ecm_모듈\downloader\180809\downloader\release\downloader.obj
d:\2018\ecm_모듈화\ecm_모듈\downloader\180809\downloader\release\downsectionwrite673.obj
d:\2018\ecm_모듈화\ecm_모듈\downloader\180809\downloader\release\downoutput.obj
d:\2018\ecm_모듈화\ecm_모듈\downloader\180809\downloader\release\downdownoption673.obj
d:\2018\ecm_모듈화\ecm_모듈\downloader\180809\downloader\release\downcompileoption673.obj
d:\2018\ecm_모듈화\ecm_모듈\downloader\180809\downloader\release\define.obj
d:\2018\ecm_모듈화\ecm_모듈\downloader\180809\downloader\release\xdib.obj
d:\2018\ecm_모듈화\ecm_모듈\downloader\180809\downloader\release\shadebuttonst.obj
d:\2018\ecm_모듈화\ecm_모듈\downloader\180809\downloader\release\btnst.obj
d:\2018\ecm_모듈화\ecm_모듈\downloader\180813\downloader\release\downloader.pch
d:\2018\ecm_모듈화\ecm_모듈\downloader\180813\downloader\release\vc120.pdb
d:\2018\ecm_모듈화\ecm_모듈\downloader\180813\downloader\release\stdafx.obj
d:\2018\ecm_모듈화\ecm_모듈\downloader\180813\downloader\release\spidlg.obj
d:\2018\ecm_모듈화\ecm_모듈\downloader\180813\downloader\release\peripheraldlg.obj
d:\2018\ecm_모듈화\ecm_모듈\downloader\180813\downloader\release\jtag_flash.obj
d:\2018\ecm_모듈화\ecm_모듈\downloader\180813\downloader\release\en673_configuration_generatordlg.obj
d:\2018\ecm_모듈화\ecm_모듈\downloader\180813\downloader\release\downsectionwrite673.obj
d:\2018\ecm_모듈화\ecm_모듈\downloader\180813\downloader\release\downoutput.obj
d:\2018\ecm_모듈화\ecm_모듈\downloader\180813\downloader\release\downloaderdlg.obj
d:\2018\ecm_모듈화\ecm_모듈\downloader\180813\downloader\release\downloader.obj
d:\2018\ecm_모듈화\ecm_모듈\downloader\180813\downloader\release\downdownoption673.obj
d:\2018\ecm_모듈화\ecm_모듈\downloader\180813\downloader\release\downcompileoption673.obj
d:\2018\ecm_모듈화\ecm_모듈\downloader\180813\downloader\release\define.obj
d:\2018\ecm_모듈화\ecm_모듈\downloader\180813\downloader\release\xdib.obj
d:\2018\ecm_모듈화\ecm_모듈\downloader\180813\downloader\release\shadebuttonst.obj
d:\2018\ecm_모듈화\ecm_모듈\downloader\180813\downloader\release\btnst.obj
d:\2018\ecm_모듈화\ecm_모듈\downloader\180816\downloader\release\downloader.pch
d:\2018\ecm_모듈화\ecm_모듈\downloader\180816\downloader\release\vc120.pdb
d:\2018\ecm_모듈화\ecm_모듈\downloader\180816\downloader\release\stdafx.obj
d:\2018\ecm_모듈화\ecm_모듈\downloader\180816\downloader\release\jtag_flash.obj
d:\2018\ecm_모듈화\ecm_모듈\downloader\180816\downloader\release\spidlg.obj
d:\2018\ecm_모듈화\ecm_모듈\downloader\180816\downloader\release\peripheraldlg.obj
d:\2018\ecm_모듈화\ecm_모듈\downloader\180816\downloader\release\en673_configuration_generatordlg.obj
d:\2018\ecm_모듈화\ecm_모듈\downloader\180816\downloader\release\downloaderdlg.obj
d:\2018\ecm_모듈화\ecm_모듈\downloader\180816\downloader\release\downloader.obj
d:\2018\ecm_모듈화\ecm_모듈\downloader\180816\downloader\release\downsectionwrite673.obj
d:\2018\ecm_모듈화\ecm_모듈\downloader\180816\downloader\release\downoutput.obj
d:\2018\ecm_모듈화\ecm_모듈\downloader\180816\downloader\release\downdownoption673.obj
d:\2018\ecm_모듈화\ecm_모듈\downloader\180816\downloader\release\downcompileoption673.obj
d:\2018\ecm_모듈화\ecm_모듈\downloader\180816\downloader\release\define.obj
d:\2018\ecm_모듈화\ecm_모듈\downloader\180816\downloader\release\xdib.obj
d:\2018\ecm_모듈화\ecm_모듈\downloader\180816\downloader\release\shadebuttonst.obj
d:\2018\ecm_모듈화\ecm_모듈\downloader\180816\downloader\release\btnst.obj
d:\2018\ecm_모듈화\ecm_모듈\downloader\180809\release\downloader.exe
d:\2018\ecm_모듈화\ecm_모듈\downloader\180809\release\downloader.pdb
d:\2018\ecm_모듈화\ecm_모듈\downloader\180813\release\downloader.exe
d:\2018\ecm_모듈화\ecm_모듈\downloader\180813\release\downloader.pdb
d:\2018\ecm_모듈화\ecm_모듈\downloader\180816\release\downloader.exe
d:\2018\ecm_모듈화\ecm_모듈\downloader\180816\release\downloader.pdb
d:\2018\ecm_모듈화\ecm_모듈\downloader\180809\downloader\release\downloader.res
d:\2018\ecm_모듈화\ecm_모듈\downloader\180813\downloader\release\downloader.res
d:\2018\ecm_모듈화\ecm_모듈\downloader\180816\downloader\release\downloader.res
d:\2018\ecm_모듈화\ecm_모듈\downloader\180816\downloader\release\downloader.tlog\cl.command.1.tlog
d:\2018\ecm_모듈화\ecm_모듈\downloader\180816\downloader\release\downloader.tlog\cl.read.1.tlog
d:\2018\ecm_모듈화\ecm_모듈\downloader\180816\downloader\release\downloader.tlog\cl.write.1.tlog
d:\2018\ecm_모듈화\ecm_모듈\downloader\180816\downloader\release\downloader.tlog\link.command.1.tlog
d:\2018\ecm_모듈화\ecm_모듈\downloader\180816\downloader\release\downloader.tlog\link.read.1.tlog
d:\2018\ecm_모듈화\ecm_모듈\downloader\180816\downloader\release\downloader.tlog\link.write.1.tlog
d:\2018\ecm_모듈화\ecm_모듈\downloader\180816\downloader\release\downloader.tlog\rc.command.1.tlog
d:\2018\ecm_모듈화\ecm_모듈\downloader\180816\downloader\release\downloader.tlog\rc.read.1.tlog
d:\2018\ecm_모듈화\ecm_모듈\downloader\180816\downloader\release\downloader.tlog\rc.write.1.tlog
