빌드 시작: 2019-02-11 오후 2:55:01
     1>2 노드의 "E:\ECM_Remote\ECM_client\Downloader\190211\Downloader\Downloader.vcxproj" 프로젝트(Build 대상)입니다.
     1>ClCompile:
         C:\Program Files (x86)\Microsoft Visual Studio 12.0\VC\bin\CL.exe /c /I..\Downloader\lib /I"C:\Program Files (x86)\Visual Leak Detector\include" /Zi /nologo /W3 /WX- /sdl /O2 /Oi /Oy- /GL /D WIN32 /D _WINDOWS /D NDEBUG /D _CRT_SECURE_NO_WARNINGS /D _UNICODE /D UNICODE /D _AFXDLL /Gm- /EHsc /MD /GS /Gy /fp:precise /Zc:wchar_t /Zc:forScope /Yu"stdafx.h" /Fp"Release\Downloader.pch" /Fo"Release\\" /Fd"Release\vc120.pdb" /Gd /TP /analyze- /errorReport:prompt DownloaderDlg.cpp
         DownloaderDlg.cpp
     1>DownloaderDlg.cpp(1039): warning C4244: '초기화 중' : 'ULONGLONG'에서 'UINT32'(으)로 변환하면서 데이터가 손실될 수 있습니다.
     1>DownloaderDlg.cpp(1871): warning C4102: 'END' : 참조되지 않은 레이블입니다.
     1>DownloaderDlg.cpp(1960): warning C4102: 'ENDDOWNFUNC5THREAD' : 참조되지 않은 레이블입니다.
     1>DownloaderDlg.cpp(2135): warning C4244: '초기화 중' : 'ULONGLONG'에서 'UINT32'(으)로 변환하면서 데이터가 손실될 수 있습니다.
     1>DownloaderDlg.cpp(2154): warning C4018: '<' : signed 또는 unsigned가 일치하지 않습니다.
     1>DownloaderDlg.cpp(2323): warning C4390: ';' : 제어된 빈 문이 있습니다. 이 문이 필요합니까?
     1>DownloaderDlg.cpp(2329): warning C4390: ';' : 제어된 빈 문이 있습니다. 이 문이 필요합니까?
       Link:
         C:\Program Files (x86)\Microsoft Visual Studio 12.0\VC\bin\link.exe /ERRORREPORT:PROMPT /OUT:"E:\ECM_Remote\ECM_client\Downloader\190211\Release\Downloader.exe" /INCREMENTAL:NO /NOLOGO /LIBPATH:..\Downloader\lib /LIBPATH:"C:\Program Files (x86)\Visual Leak Detector\lib\Win32" CLI.lib /MANIFEST /MANIFESTUAC:"level='asInvoker' uiAccess='false'" /manifest:embed /DEBUG /PDB:"E:\ECM_Remote\ECM_client\Downloader\190211\Release\Downloader.pdb" /SUBSYSTEM:WINDOWS /OPT:NOREF /OPT:ICF /LTCG /TLBID:1 /ENTRY:"wWinMainCRTStartup" /DYNAMICBASE /NXCOMPAT /IMPLIB:"E:\ECM_Remote\ECM_client\Downloader\190211\Release\Downloader.lib" /MACHINE:X86 /SAFESEH Release\Downloader.res
         Release\BtnST.obj
         Release\Define.obj
         Release\DownCompileOption673.obj
         Release\DownDownOption673.obj
         Release\Downloader.obj
         Release\DownloaderDlg.obj
         Release\DownOutput.obj
         Release\DownSectionWrite673.obj
         Release\EN673_Configuration_GeneratorDlg.obj
         Release\jtag_flash.obj
         Release\PeripheralDlg.obj
         Release\ShadeButtonST.obj
         Release\SPIDlg.obj
         Release\stdafx.obj
         Release\xDib.obj
         코드를 생성하고 있습니다.
         코드를 생성했습니다.
         Downloader.vcxproj -> E:\ECM_Remote\ECM_client\Downloader\190211\Release\Downloader.exe
     1>"E:\ECM_Remote\ECM_client\Downloader\190211\Downloader\Downloader.vcxproj" 프로젝트를 빌드했습니다(Build 대상).

빌드했습니다.

경과 시간: 00:00:03.10
