d:\2018\ecm_remote\ecm_client\analyze\181017\analyze\release\analyze.pch
d:\2018\ecm_remote\ecm_client\analyze\181017\analyze\release\vc120.pdb
d:\2018\ecm_remote\ecm_client\analyze\181017\analyze\release\stdafx.obj
d:\2018\ecm_remote\ecm_client\analyze\181017\analyze\release\xdib.obj
d:\2018\ecm_remote\ecm_client\analyze\181017\analyze\release\waveformimgoperation.obj
d:\2018\ecm_remote\ecm_client\analyze\181017\analyze\release\shadebuttonst.obj
d:\2018\ecm_remote\ecm_client\analyze\181017\analyze\release\net_command.obj
d:\2018\ecm_remote\ecm_client\analyze\181017\analyze\release\btnst.obj
d:\2018\ecm_remote\ecm_client\analyze\181017\analyze\release\analyzesourceimage.obj
d:\2018\ecm_remote\ecm_client\analyze\181017\analyze\release\analyzedlg.obj
d:\2018\ecm_remote\ecm_client\analyze\181017\analyze\release\analyze.obj
d:\2018\ecm_remote\ecm_client\analyze\181017\release\analyze.exe
d:\2018\ecm_remote\ecm_client\analyze\181017\release\analyze.pdb
d:\2018\ecm_remote\ecm_client\analyze\181017\analyze\release\analyze.res
e:\ecm_remote\ecm_client\analyze\181017\analyze\release\analyze.obj
e:\ecm_remote\ecm_client\analyze\181017\analyze\release\analyzedlg.obj
e:\ecm_remote\ecm_client\analyze\181017\analyze\release\analyzesourceimage.obj
e:\ecm_remote\ecm_client\analyze\181017\analyze\release\btnst.obj
e:\ecm_remote\ecm_client\analyze\181017\analyze\release\net_command.obj
e:\ecm_remote\ecm_client\analyze\181017\analyze\release\shadebuttonst.obj
e:\ecm_remote\ecm_client\analyze\181017\analyze\release\stdafx.obj
e:\ecm_remote\ecm_client\analyze\181017\analyze\release\waveformimgoperation.obj
e:\ecm_remote\ecm_client\analyze\181017\analyze\release\xdib.obj
e:\ecm_remote\ecm_client\analyze\181017\analyze\release\analyze.res
e:\ecm_remote\ecm_client\analyze\181017\analyze\release\analyze.pch
e:\ecm_remote\ecm_client\analyze\181017\analyze\release\vc120.pdb
e:\ecm_remote\ecm_client\analyze\181017\release\analyze.pdb
e:\ecm_remote\ecm_client\analyze\181017\release\analyze.exe
e:\ecm_remote\ecm_client\analyze\181017\analyze\release\analyze.tlog\cl.command.1.tlog
e:\ecm_remote\ecm_client\analyze\181017\analyze\release\analyze.tlog\cl.read.1.tlog
e:\ecm_remote\ecm_client\analyze\181017\analyze\release\analyze.tlog\cl.write.1.tlog
e:\ecm_remote\ecm_client\analyze\181017\analyze\release\analyze.tlog\link.command.1.tlog
e:\ecm_remote\ecm_client\analyze\181017\analyze\release\analyze.tlog\link.read.1.tlog
e:\ecm_remote\ecm_client\analyze\181017\analyze\release\analyze.tlog\link.write.1.tlog
e:\ecm_remote\ecm_client\analyze\181017\analyze\release\analyze.tlog\rc.command.1.tlog
e:\ecm_remote\ecm_client\analyze\181017\analyze\release\analyze.tlog\rc.read.1.tlog
e:\ecm_remote\ecm_client\analyze\181017\analyze\release\analyze.tlog\rc.write.1.tlog
