빌드 시작: 2018-05-14 오후 1:44:56
     1>2 노드의 "D:\2018\JTAG\2018-04-17\CLI\CLI\CLI\CLI.vcxproj" 프로젝트(Build 대상)입니다.
     1>ClCompile:
         C:\Program Files (x86)\Microsoft Visual Studio 12.0\VC\bin\x86_amd64\CL.exe /c /Zi /nologo /W3 /WX- /O2 /Oi /GL /D WIN32 /D NDEBUG /D _WINDOWS /D _USRDLL /D CLI_EXPORTS /D _WINDLL /D _UNICODE /D UNICODE /Gm- /EHsc /MD /GS /Gy /fp:precise /Zc:wchar_t /Zc:forScope /Yu"stdafx.h" /Fp"x64\Release\CLI.pch" /Fo"x64\Release\\" /Fd"x64\Release\vc120.pdb" /Gd /TP /errorReport:prompt CLI.cpp
         CLI.cpp
     1>CLI.cpp(31): warning C4267: '=' : 'size_t'에서 'UINT'(으)로 변환하면서 데이터가 손실될 수 있습니다.
     1>CLI.cpp(100): warning C4244: 'return' : 'SOCKET'에서 'int'(으)로 변환하면서 데이터가 손실될 수 있습니다.
     1>CLI.cpp(108): warning C4996: 'sprintf': This function or variable may be unsafe. Consider using sprintf_s instead. To disable deprecation, use _CRT_SECURE_NO_WARNINGS. See online help for details.
                 C:\Program Files (x86)\Microsoft Visual Studio 12.0\VC\include\stdio.h(356) : 'sprintf' 선언을 참조하십시오.
     1>CLI.cpp(129): warning C4996: 'sprintf': This function or variable may be unsafe. Consider using sprintf_s instead. To disable deprecation, use _CRT_SECURE_NO_WARNINGS. See online help for details.
                 C:\Program Files (x86)\Microsoft Visual Studio 12.0\VC\include\stdio.h(356) : 'sprintf' 선언을 참조하십시오.
     1>CLI.cpp(141): warning C4018: '>=' : signed 또는 unsigned가 일치하지 않습니다.
     1>CLI.cpp(159): warning C4018: '<' : signed 또는 unsigned가 일치하지 않습니다.
     1>CLI.cpp(181): warning C4996: 'sprintf': This function or variable may be unsafe. Consider using sprintf_s instead. To disable deprecation, use _CRT_SECURE_NO_WARNINGS. See online help for details.
                 C:\Program Files (x86)\Microsoft Visual Studio 12.0\VC\include\stdio.h(356) : 'sprintf' 선언을 참조하십시오.
     1>CLI.cpp(217): warning C4996: 'sprintf': This function or variable may be unsafe. Consider using sprintf_s instead. To disable deprecation, use _CRT_SECURE_NO_WARNINGS. See online help for details.
                 C:\Program Files (x86)\Microsoft Visual Studio 12.0\VC\include\stdio.h(356) : 'sprintf' 선언을 참조하십시오.
     1>CLI.cpp(240): warning C4018: '<' : signed 또는 unsigned가 일치하지 않습니다.
     1>CLI.cpp(302): warning C4996: 'sprintf': This function or variable may be unsafe. Consider using sprintf_s instead. To disable deprecation, use _CRT_SECURE_NO_WARNINGS. See online help for details.
                 C:\Program Files (x86)\Microsoft Visual Studio 12.0\VC\include\stdio.h(356) : 'sprintf' 선언을 참조하십시오.
     1>CLI.cpp(310): warning C4018: '<' : signed 또는 unsigned가 일치하지 않습니다.
       Link:
         C:\Program Files (x86)\Microsoft Visual Studio 12.0\VC\bin\x86_amd64\link.exe /ERRORREPORT:PROMPT /OUT:"D:\2018\JTAG\2018-04-17\CLI\CLI\x64\Release\CLI.dll" /INCREMENTAL:NO /NOLOGO kernel32.lib user32.lib gdi32.lib winspool.lib comdlg32.lib advapi32.lib shell32.lib ole32.lib oleaut32.lib uuid.lib odbc32.lib odbccp32.lib /MANIFEST /MANIFESTUAC:"level='asInvoker' uiAccess='false'" /manifest:embed /DEBUG /PDB:"D:\2018\JTAG\2018-04-17\CLI\CLI\x64\Release\CLI.pdb" /SUBSYSTEM:WINDOWS /OPT:REF /OPT:ICF /LTCG /TLBID:1 /DYNAMICBASE /NXCOMPAT /IMPLIB:"D:\2018\JTAG\2018-04-17\CLI\CLI\x64\Release\CLI.lib" /MACHINE:X64 /DLL x64\Release\CLI.obj
         x64\Release\dllmain.obj
         x64\Release\list.obj
         x64\Release\stdafx.obj
            D:\2018\JTAG\2018-04-17\CLI\CLI\x64\Release\CLI.lib 라이브러리 및 D:\2018\JTAG\2018-04-17\CLI\CLI\x64\Release\CLI.exp 개체를 생성하고 있습니다.
         코드를 생성하고 있습니다.
         코드를 생성했습니다.
         CLI.vcxproj -> D:\2018\JTAG\2018-04-17\CLI\CLI\x64\Release\CLI.dll
     1>"D:\2018\JTAG\2018-04-17\CLI\CLI\CLI\CLI.vcxproj" 프로젝트를 빌드했습니다(Build 대상).

빌드했습니다.

경과 시간: 00:00:00.95
