빌드 시작: 2018-04-17 오후 3:02:20
     1>2 노드의 "D:\2018\JTAG\2018-04-17\CLI\CLI\CLI\CLI.vcxproj" 프로젝트(Build 대상)입니다.
     1>ClCompile:
         C:\Program Files (x86)\Microsoft Visual Studio 12.0\VC\bin\x86_amd64\CL.exe /c /Zi /nologo /W3 /WX- /Od /D WIN32 /D _DEBUG /D _WINDOWS /D _USRDLL /D CLI_EXPORTS /D _WINDLL /D _UNICODE /D UNICODE /Gm /EHsc /RTC1 /MDd /GS /fp:precise /Zc:wchar_t /Zc:forScope /Yc"stdafx.h" /Fp"x64\Debug\CLI.pch" /Fo"x64\Debug\\" /Fd"x64\Debug\vc120.pdb" /Gd /TP /errorReport:prompt stdafx.cpp
         stdafx.cpp
         C:\Program Files (x86)\Microsoft Visual Studio 12.0\VC\bin\x86_amd64\CL.exe /c /Zi /nologo /W3 /WX- /Od /D WIN32 /D _DEBUG /D _WINDOWS /D _USRDLL /D CLI_EXPORTS /D _WINDLL /D _UNICODE /D UNICODE /Gm /EHsc /RTC1 /MDd /GS /fp:precise /Zc:wchar_t /Zc:forScope /Yu"stdafx.h" /Fp"x64\Debug\CLI.pch" /Fo"x64\Debug\\" /Fd"x64\Debug\vc120.pdb" /Gd /TP /errorReport:prompt CLI.cpp list.cpp
         list.cpp
     1>list.cpp(1): warning C4627: '#include "list.h"': 미리 컴파일된 헤더 사용을 찾을 때 건너뛰었습니다.
                 'stdafx.h'에 지시문 추가 또는 미리 컴파일된 헤더 다시 빌드
     1>list.cpp(2): warning C4627: '#include <iostream>': 미리 컴파일된 헤더 사용을 찾을 때 건너뛰었습니다.
                 'stdafx.h'에 지시문 추가 또는 미리 컴파일된 헤더 다시 빌드
         CLI.cpp
     1>CLI.cpp(92): warning C4244: 'return' : 'SOCKET'에서 'int'(으)로 변환하면서 데이터가 손실될 수 있습니다.
     1>CLI.cpp(100): warning C4996: 'sprintf': This function or variable may be unsafe. Consider using sprintf_s instead. To disable deprecation, use _CRT_SECURE_NO_WARNINGS. See online help for details.
                 C:\Program Files (x86)\Microsoft Visual Studio 12.0\VC\include\stdio.h(356) : 'sprintf' 선언을 참조하십시오.
     1>CLI.cpp(121): warning C4996: 'sprintf': This function or variable may be unsafe. Consider using sprintf_s instead. To disable deprecation, use _CRT_SECURE_NO_WARNINGS. See online help for details.
                 C:\Program Files (x86)\Microsoft Visual Studio 12.0\VC\include\stdio.h(356) : 'sprintf' 선언을 참조하십시오.
     1>CLI.cpp(133): warning C4018: '>=' : signed 또는 unsigned가 일치하지 않습니다.
     1>CLI.cpp(151): warning C4018: '<' : signed 또는 unsigned가 일치하지 않습니다.
     1>CLI.cpp(173): warning C4996: 'sprintf': This function or variable may be unsafe. Consider using sprintf_s instead. To disable deprecation, use _CRT_SECURE_NO_WARNINGS. See online help for details.
                 C:\Program Files (x86)\Microsoft Visual Studio 12.0\VC\include\stdio.h(356) : 'sprintf' 선언을 참조하십시오.
     1>CLI.cpp(211): warning C4996: 'sprintf': This function or variable may be unsafe. Consider using sprintf_s instead. To disable deprecation, use _CRT_SECURE_NO_WARNINGS. See online help for details.
                 C:\Program Files (x86)\Microsoft Visual Studio 12.0\VC\include\stdio.h(356) : 'sprintf' 선언을 참조하십시오.
     1>CLI.cpp(234): warning C4018: '<' : signed 또는 unsigned가 일치하지 않습니다.
     1>CLI.cpp(296): warning C4996: 'sprintf': This function or variable may be unsafe. Consider using sprintf_s instead. To disable deprecation, use _CRT_SECURE_NO_WARNINGS. See online help for details.
                 C:\Program Files (x86)\Microsoft Visual Studio 12.0\VC\include\stdio.h(356) : 'sprintf' 선언을 참조하십시오.
     1>CLI.cpp(304): warning C4018: '<' : signed 또는 unsigned가 일치하지 않습니다.
         코드를 생성하고 있습니다...
         C:\Program Files (x86)\Microsoft Visual Studio 12.0\VC\bin\x86_amd64\CL.exe /c /Zi /nologo /W3 /WX- /Od /D WIN32 /D _DEBUG /D _WINDOWS /D _USRDLL /D CLI_EXPORTS /D _WINDLL /D _UNICODE /D UNICODE /Gm /EHsc /RTC1 /MDd /GS /fp:precise /Zc:wchar_t /Zc:forScope /Fo"x64\Debug\\" /Fd"x64\Debug\vc120.pdb" /Gd /TP /errorReport:prompt dllmain.cpp
         dllmain.cpp
       Link:
         C:\Program Files (x86)\Microsoft Visual Studio 12.0\VC\bin\x86_amd64\link.exe /ERRORREPORT:PROMPT /OUT:"D:\2018\JTAG\2018-04-17\CLI\CLI\x64\Debug\CLI.dll" /INCREMENTAL /NOLOGO kernel32.lib user32.lib gdi32.lib winspool.lib comdlg32.lib advapi32.lib shell32.lib ole32.lib oleaut32.lib uuid.lib odbc32.lib odbccp32.lib /MANIFEST /MANIFESTUAC:"level='asInvoker' uiAccess='false'" /manifest:embed /DEBUG /PDB:"D:\2018\JTAG\2018-04-17\CLI\CLI\x64\Debug\CLI.pdb" /SUBSYSTEM:WINDOWS /TLBID:1 /DYNAMICBASE /NXCOMPAT /IMPLIB:"D:\2018\JTAG\2018-04-17\CLI\CLI\x64\Debug\CLI.lib" /MACHINE:X64 /DLL x64\Debug\CLI.obj
         x64\Debug\dllmain.obj
         x64\Debug\list.obj
         x64\Debug\stdafx.obj
            D:\2018\JTAG\2018-04-17\CLI\CLI\x64\Debug\CLI.lib 라이브러리 및 D:\2018\JTAG\2018-04-17\CLI\CLI\x64\Debug\CLI.exp 개체를 생성하고 있습니다.
         CLI.vcxproj -> D:\2018\JTAG\2018-04-17\CLI\CLI\x64\Debug\CLI.dll
     1>"D:\2018\JTAG\2018-04-17\CLI\CLI\CLI\CLI.vcxproj" 프로젝트를 빌드했습니다(Build 대상).

빌드했습니다.

경과 시간: 00:00:01.96
