c:\users\kimsh\documents\visual studio 2013\projects\htb\htb\debug\htb.pch
c:\users\kimsh\documents\visual studio 2013\projects\htb\htb\debug\vc120.pdb
c:\users\kimsh\documents\visual studio 2013\projects\htb\htb\debug\vc120.idb
c:\users\kimsh\documents\visual studio 2013\projects\htb\htb\debug\stdafx.obj
c:\users\kimsh\documents\visual studio 2013\projects\htb\htb\debug\btnst.obj
c:\users\kimsh\documents\visual studio 2013\projects\htb\htb\debug\htb.obj
c:\users\kimsh\documents\visual studio 2013\projects\htb\htb\debug\shadebuttonst.obj
c:\users\kimsh\documents\visual studio 2013\projects\htb\htb\debug\xdib.obj
c:\users\kimsh\documents\visual studio 2013\projects\htb\htb\debug\htbdlg.obj
d:\2018\ecm_remote\ecm_client\htb\180917\htb\debug\htb.pch
d:\2018\ecm_remote\ecm_client\htb\180917\htb\debug\vc120.pdb
d:\2018\ecm_remote\ecm_client\htb\180917\htb\debug\vc120.idb
d:\2018\ecm_remote\ecm_client\htb\180917\htb\debug\stdafx.obj
d:\2018\ecm_remote\ecm_client\htb\180917\htb\debug\htb.obj
d:\2018\ecm_remote\ecm_client\htb\180917\htb\debug\htbdlg.obj
c:\users\kimsh\documents\visual studio 2013\projects\htb\debug\htb.ilk
c:\users\kimsh\documents\visual studio 2013\projects\htb\debug\htb.exe
c:\users\kimsh\documents\visual studio 2013\projects\htb\debug\htb.pdb
d:\2018\ecm_remote\ecm_client\htb\180917\debug\htb.ilk
d:\2018\ecm_remote\ecm_client\htb\180917\debug\htb.exe
d:\2018\ecm_remote\ecm_client\htb\180917\debug\htb.pdb
c:\users\kimsh\documents\visual studio 2013\projects\htb\htb\debug\htb.res
d:\2018\ecm_remote\ecm_client\htb\180917\htb\debug\htb.res
e:\ecm_remote\ecm_client\htb\180917\htb\debug\btnst.obj
e:\ecm_remote\ecm_client\htb\180917\htb\debug\htb.obj
e:\ecm_remote\ecm_client\htb\180917\htb\debug\htbdlg.obj
e:\ecm_remote\ecm_client\htb\180917\htb\debug\shadebuttonst.obj
e:\ecm_remote\ecm_client\htb\180917\htb\debug\stdafx.obj
e:\ecm_remote\ecm_client\htb\180917\htb\debug\xdib.obj
e:\ecm_remote\ecm_client\htb\180917\htb\debug\htb.res
e:\ecm_remote\ecm_client\htb\180917\htb\debug\htb.pch
e:\ecm_remote\ecm_client\htb\180917\htb\debug\vc120.idb
e:\ecm_remote\ecm_client\htb\180917\htb\debug\vc120.pdb
e:\ecm_remote\ecm_client\htb\180917\debug\htb.pdb
e:\ecm_remote\ecm_client\htb\180917\debug\htb.exe
e:\ecm_remote\ecm_client\htb\180917\debug\htb.ilk
e:\ecm_remote\ecm_client\htb\180917\htb\debug\htb.tlog\cl.command.1.tlog
e:\ecm_remote\ecm_client\htb\180917\htb\debug\htb.tlog\cl.read.1.tlog
e:\ecm_remote\ecm_client\htb\180917\htb\debug\htb.tlog\cl.write.1.tlog
e:\ecm_remote\ecm_client\htb\180917\htb\debug\htb.tlog\link.command.1.tlog
e:\ecm_remote\ecm_client\htb\180917\htb\debug\htb.tlog\link.read.1.tlog
e:\ecm_remote\ecm_client\htb\180917\htb\debug\htb.tlog\link.write.1.tlog
e:\ecm_remote\ecm_client\htb\180917\htb\debug\htb.tlog\rc.command.1.tlog
e:\ecm_remote\ecm_client\htb\180917\htb\debug\htb.tlog\rc.read.1.tlog
e:\ecm_remote\ecm_client\htb\180917\htb\debug\htb.tlog\rc.write.1.tlog
