빌드 시작: 2019-03-20 오전 10:18:39
     1>2 노드의 "E:\ECM_Remote\ECM_client\Colormap\190320\Colormap\Colormap.vcxproj" 프로젝트(Build 대상)입니다.
     1>ClCompile:
         C:\Program Files (x86)\Microsoft Visual Studio 12.0\VC\bin\CL.exe /c /I..\Colormap\Colormap\lib /I"C:\Program Files (x86)\Visual Leak Detector\include" /ZI /nologo /W3 /WX- /sdl /Od /Oy- /D WIN32 /D _WINDOWS /D _CRT_SECURE_NO_WARNINGS /D _DEBUG /D _UNICODE /D UNICODE /D _AFXDLL /Gm /EHsc /RTC1 /MDd /GS /fp:precise /Zc:wchar_t /Zc:forScope /Yu"stdafx.h" /Fp"Debug\Colormap.pch" /Fo"Debug\\" /Fd"Debug\vc120.pdb" /Gd /TP /analyze- /errorReport:prompt ColormapDlg.cpp
         ColormapDlg.cpp
     1>e:\ecm_remote\ecm_client\colormap\190320\colormap\colormapdlg.cpp(546): warning C4244: '인수' : 'float'에서 'int'(으)로 변환하면서 데이터가 손실될 수 있습니다.
     1>e:\ecm_remote\ecm_client\colormap\190320\colormap\colormapdlg.cpp(551): warning C4244: '인수' : 'float'에서 'int'(으)로 변환하면서 데이터가 손실될 수 있습니다.
     1>e:\ecm_remote\ecm_client\colormap\190320\colormap\colormapdlg.cpp(809): warning C4102: 'END' : 참조되지 않은 레이블입니다.
     1>e:\ecm_remote\ecm_client\colormap\190320\colormap\colormapdlg.cpp(2062): warning C4554: '|' : 연산자 우선 순위에 오류가 있는지 확인하십시오. 괄호를 사용하여 우선 순위를 명확하게 지정하십시오.
     1>e:\ecm_remote\ecm_client\colormap\190320\colormap\colormapdlg.cpp(2067): warning C4554: '|' : 연산자 우선 순위에 오류가 있는지 확인하십시오. 괄호를 사용하여 우선 순위를 명확하게 지정하십시오.
     1>e:\ecm_remote\ecm_client\colormap\190320\colormap\colormapdlg.cpp(2099): warning C4554: '|' : 연산자 우선 순위에 오류가 있는지 확인하십시오. 괄호를 사용하여 우선 순위를 명확하게 지정하십시오.
     1>e:\ecm_remote\ecm_client\colormap\190320\colormap\colormapdlg.cpp(2105): warning C4554: '|' : 연산자 우선 순위에 오류가 있는지 확인하십시오. 괄호를 사용하여 우선 순위를 명확하게 지정하십시오.
       Link:
         C:\Program Files (x86)\Microsoft Visual Studio 12.0\VC\bin\link.exe /ERRORREPORT:PROMPT /OUT:"E:\ECM_Remote\ECM_client\Colormap\190320\Debug\Colormap.exe" /INCREMENTAL /NOLOGO /LIBPATH:..\Colormap\lib /LIBPATH:"C:\Program Files (x86)\Visual Leak Detector\lib\Win32" CLI.lib /MANIFEST /MANIFESTUAC:"level='asInvoker' uiAccess='false'" /manifest:embed /DEBUG /PDB:"E:\ECM_Remote\ECM_client\Colormap\190320\Debug\Colormap.pdb" /SUBSYSTEM:WINDOWS /TLBID:1 /ENTRY:"wWinMainCRTStartup" /DYNAMICBASE /NXCOMPAT /IMPLIB:"E:\ECM_Remote\ECM_client\Colormap\190320\Debug\Colormap.lib" /MACHINE:X86 Debug\Colormap.res
         Debug\BtnST.obj
         Debug\Colormap.obj
         Debug\ColormapDlg.obj
         Debug\Define.obj
         Debug\ShadeButtonST.obj
         Debug\stdafx.obj
         Debug\xDib.obj
         Colormap.vcxproj -> E:\ECM_Remote\ECM_client\Colormap\190320\Debug\Colormap.exe
     1>"E:\ECM_Remote\ECM_client\Colormap\190320\Colormap\Colormap.vcxproj" 프로젝트를 빌드했습니다(Build 대상).

빌드했습니다.

경과 시간: 00:00:01.05
