d:\2018\ecm_remote\ecm_client\colormap\180806\colormap\debug\colormap.pch
d:\2018\ecm_remote\ecm_client\colormap\180806\colormap\debug\vc120.pdb
d:\2018\ecm_remote\ecm_client\colormap\180806\colormap\debug\vc120.idb
d:\2018\ecm_remote\ecm_client\colormap\180806\colormap\debug\stdafx.obj
d:\2018\ecm_remote\ecm_client\colormap\180806\colormap\debug\btnst.obj
d:\2018\ecm_remote\ecm_client\colormap\180806\colormap\debug\colormap.obj
d:\2018\ecm_remote\ecm_client\colormap\180806\colormap\debug\colormapdlg.obj
d:\2018\ecm_remote\ecm_client\colormap\180806\colormap\debug\define.obj
d:\2018\ecm_remote\ecm_client\colormap\180806\colormap\debug\shadebuttonst.obj
d:\2018\ecm_remote\ecm_client\colormap\180806\colormap\debug\xdib.obj
d:\2018\ecm_remote\ecm_client\colormap\180806\debug\colormap.ilk
d:\2018\ecm_remote\ecm_client\colormap\180806\debug\colormap.exe
d:\2018\ecm_remote\ecm_client\colormap\180806\debug\colormap.pdb
d:\2018\ecm_remote\ecm_client\colormap\180806\colormap\debug\colormap.res
e:\ecm_remote\ecm_client\colormap\190320\colormap\debug\btnst.obj
e:\ecm_remote\ecm_client\colormap\190320\colormap\debug\colormap.obj
e:\ecm_remote\ecm_client\colormap\190320\colormap\debug\colormapdlg.obj
e:\ecm_remote\ecm_client\colormap\190320\colormap\debug\define.obj
e:\ecm_remote\ecm_client\colormap\190320\colormap\debug\shadebuttonst.obj
e:\ecm_remote\ecm_client\colormap\190320\colormap\debug\stdafx.obj
e:\ecm_remote\ecm_client\colormap\190320\colormap\debug\xdib.obj
e:\ecm_remote\ecm_client\colormap\190320\colormap\debug\colormap.res
e:\ecm_remote\ecm_client\colormap\190320\colormap\debug\colormap.pch
e:\ecm_remote\ecm_client\colormap\190320\colormap\debug\vc120.idb
e:\ecm_remote\ecm_client\colormap\190320\colormap\debug\vc120.pdb
e:\ecm_remote\ecm_client\colormap\190320\debug\colormap.pdb
e:\ecm_remote\ecm_client\colormap\190320\debug\colormap.exe
e:\ecm_remote\ecm_client\colormap\190320\debug\colormap.ilk
e:\ecm_remote\ecm_client\colormap\190320\colormap\debug\colormap.tlog\cl.command.1.tlog
e:\ecm_remote\ecm_client\colormap\190320\colormap\debug\colormap.tlog\cl.read.1.tlog
e:\ecm_remote\ecm_client\colormap\190320\colormap\debug\colormap.tlog\cl.write.1.tlog
e:\ecm_remote\ecm_client\colormap\190320\colormap\debug\colormap.tlog\link.command.1.tlog
e:\ecm_remote\ecm_client\colormap\190320\colormap\debug\colormap.tlog\link.read.1.tlog
e:\ecm_remote\ecm_client\colormap\190320\colormap\debug\colormap.tlog\link.write.1.tlog
e:\ecm_remote\ecm_client\colormap\190320\colormap\debug\colormap.tlog\rc.command.1.tlog
e:\ecm_remote\ecm_client\colormap\190320\colormap\debug\colormap.tlog\rc.read.1.tlog
e:\ecm_remote\ecm_client\colormap\190320\colormap\debug\colormap.tlog\rc.write.1.tlog
