e:\ecm_remote\ecm_client\regctrl\190315\regctrl\release\regctrl.pch
e:\ecm_remote\ecm_client\regctrl\190315\regctrl\release\vc120.pdb
e:\ecm_remote\ecm_client\regctrl\190315\regctrl\release\stdafx.obj
e:\ecm_remote\ecm_client\regctrl\190315\regctrl\release\xdib.obj
e:\ecm_remote\ecm_client\regctrl\190315\regctrl\release\treelistwnd.obj
e:\ecm_remote\ecm_client\regctrl\190315\regctrl\release\treelistctrl.obj
e:\ecm_remote\ecm_client\regctrl\190315\regctrl\release\shadebuttonst.obj
e:\ecm_remote\ecm_client\regctrl\190315\regctrl\release\regctrldlg.obj
e:\ecm_remote\ecm_client\regctrl\190315\regctrl\release\regctrl.obj
e:\ecm_remote\ecm_client\regctrl\190315\regctrl\release\pictureex.obj
e:\ecm_remote\ecm_client\regctrl\190315\regctrl\release\define.obj
e:\ecm_remote\ecm_client\regctrl\190315\regctrl\release\btnst.obj
e:\ecm_remote\ecm_client\regctrl\190315\release\regctrl.exe
e:\ecm_remote\ecm_client\regctrl\190315\release\regctrl.pdb
e:\ecm_remote\ecm_client\regctrl\190315\regctrl\release\regctrl.res
e:\ecm_remote\ecm_client\regctrl\190315\regctrl\release\regctrl.tlog\cl.command.1.tlog
e:\ecm_remote\ecm_client\regctrl\190315\regctrl\release\regctrl.tlog\cl.read.1.tlog
e:\ecm_remote\ecm_client\regctrl\190315\regctrl\release\regctrl.tlog\cl.write.1.tlog
e:\ecm_remote\ecm_client\regctrl\190315\regctrl\release\regctrl.tlog\link.command.1.tlog
e:\ecm_remote\ecm_client\regctrl\190315\regctrl\release\regctrl.tlog\link.read.1.tlog
e:\ecm_remote\ecm_client\regctrl\190315\regctrl\release\regctrl.tlog\link.write.1.tlog
e:\ecm_remote\ecm_client\regctrl\190315\regctrl\release\regctrl.tlog\rc.command.1.tlog
e:\ecm_remote\ecm_client\regctrl\190315\regctrl\release\regctrl.tlog\rc.read.1.tlog
e:\ecm_remote\ecm_client\regctrl\190315\regctrl\release\regctrl.tlog\rc.write.1.tlog
