c:\users\eyeni\onedrive\문서\visual studio 2013\projects\lua\lua\release\lua.pch
c:\users\eyeni\onedrive\문서\visual studio 2013\projects\lua\lua\release\vc120.pdb
c:\users\eyeni\onedrive\문서\visual studio 2013\projects\lua\lua\release\stdafx.obj
c:\users\eyeni\onedrive\바탕 화면\lua\lua\release\lua.pch
c:\users\eyeni\onedrive\바탕 화면\lua\lua\release\vc120.pdb
c:\users\eyeni\onedrive\바탕 화면\lua\lua\release\stdafx.obj
c:\users\eyeni\onedrive\바탕 화면\lua\lua\release\xdib.obj
c:\users\eyeni\onedrive\바탕 화면\lua\lua\release\shadebuttonst.obj
c:\users\eyeni\onedrive\바탕 화면\lua\lua\release\luadlg.obj
c:\users\eyeni\onedrive\바탕 화면\lua\lua\release\lua.obj
c:\users\eyeni\onedrive\바탕 화면\lua\lua\release\define.obj
c:\users\eyeni\onedrive\바탕 화면\lua\lua\release\btnst.obj
c:\users\eyeni\onedrive\문서\visual studio 2013\projects\lua\lua\release\xdib.obj
c:\users\eyeni\onedrive\문서\visual studio 2013\projects\lua\lua\release\shadebuttonst.obj
c:\users\eyeni\onedrive\문서\visual studio 2013\projects\lua\lua\release\luadlg.obj
c:\users\eyeni\onedrive\문서\visual studio 2013\projects\lua\lua\release\lua.obj
c:\users\eyeni\onedrive\문서\visual studio 2013\projects\lua\lua\release\define.obj
c:\users\eyeni\onedrive\문서\visual studio 2013\projects\lua\lua\release\btnst.obj
d:\2018\ecm_remote\ecm_client\lua\181031\lua\release\lua.pch
d:\2018\ecm_remote\ecm_client\lua\181031\lua\release\vc120.pdb
d:\2018\ecm_remote\ecm_client\lua\181031\lua\release\stdafx.obj
d:\2018\ecm_remote\ecm_client\lua\181031\lua\release\xdib.obj
d:\2018\ecm_remote\ecm_client\lua\181031\lua\release\shadebuttonst.obj
d:\2018\ecm_remote\ecm_client\lua\181031\lua\release\luadlg.obj
d:\2018\ecm_remote\ecm_client\lua\181031\lua\release\lua.obj
d:\2018\ecm_remote\ecm_client\lua\181031\lua\release\define.obj
d:\2018\ecm_remote\ecm_client\lua\181031\lua\release\btnst.obj
c:\users\eyeni\onedrive\문서\visual studio 2013\projects\lua\release\lua.exe
c:\users\eyeni\onedrive\문서\visual studio 2013\projects\lua\release\lua.pdb
c:\users\eyeni\onedrive\바탕 화면\lua\release\lua.exe
c:\users\eyeni\onedrive\바탕 화면\lua\release\lua.pdb
d:\2018\ecm_remote\ecm_client\lua\181031\release\lua.exe
d:\2018\ecm_remote\ecm_client\lua\181031\release\lua.pdb
c:\users\eyeni\onedrive\바탕 화면\lua\lua\release\lua.res
c:\users\eyeni\onedrive\문서\visual studio 2013\projects\lua\lua\release\lua.res
d:\2018\ecm_remote\ecm_client\lua\181031\lua\release\lua.res
e:\ecm_remote\ecm_client\lua\181031\lua\release\btnst.obj
e:\ecm_remote\ecm_client\lua\181031\lua\release\define.obj
e:\ecm_remote\ecm_client\lua\181031\lua\release\lua.obj
e:\ecm_remote\ecm_client\lua\181031\lua\release\luadlg.obj
e:\ecm_remote\ecm_client\lua\181031\lua\release\shadebuttonst.obj
e:\ecm_remote\ecm_client\lua\181031\lua\release\stdafx.obj
e:\ecm_remote\ecm_client\lua\181031\lua\release\xdib.obj
e:\ecm_remote\ecm_client\lua\181031\lua\release\lua.res
e:\ecm_remote\ecm_client\lua\181031\lua\release\lua.pch
e:\ecm_remote\ecm_client\lua\181031\lua\release\vc120.pdb
e:\ecm_remote\ecm_client\lua\181031\release\lua.pdb
e:\ecm_remote\ecm_client\lua\181031\release\lua.exe
e:\ecm_remote\ecm_client\lua\181031\lua\release\lua.tlog\cl.command.1.tlog
e:\ecm_remote\ecm_client\lua\181031\lua\release\lua.tlog\cl.read.1.tlog
e:\ecm_remote\ecm_client\lua\181031\lua\release\lua.tlog\cl.write.1.tlog
e:\ecm_remote\ecm_client\lua\181031\lua\release\lua.tlog\link.command.1.tlog
e:\ecm_remote\ecm_client\lua\181031\lua\release\lua.tlog\link.read.1.tlog
e:\ecm_remote\ecm_client\lua\181031\lua\release\lua.tlog\link.write.1.tlog
e:\ecm_remote\ecm_client\lua\181031\lua\release\lua.tlog\rc.command.1.tlog
e:\ecm_remote\ecm_client\lua\181031\lua\release\lua.tlog\rc.read.1.tlog
e:\ecm_remote\ecm_client\lua\181031\lua\release\lua.tlog\rc.write.1.tlog
